Log file open, 12/10/20 17:16:22
LogInit: Display: Running engine for game: Dont_sleep
LogPlatformFile: Not using cached read wrapper
LogTaskGraph: Started task graph with 5 named threads and 23 total threads with 3 sets of task threads.
LogStats: Stats thread started at 0.262315
LogD3D11RHI: Loaded GFSDK_Aftermath_Lib.x64.dll
LogICUInternationalization: ICU TimeZone Detection - Raw Offset: -6:00, Platform Override: ''
LogPluginManager: Mounting plugin Paper2D
LogPluginManager: Mounting plugin AISupport
LogPluginManager: Mounting plugin LightPropagationVolume
LogPluginManager: Mounting plugin CameraShakePreviewer
LogPluginManager: Mounting plugin ActorLayerUtilities
LogPluginManager: Mounting plugin AnimationSharing
LogPluginManager: Mounting plugin CLionSourceCodeAccess
LogPluginManager: Mounting plugin CodeLiteSourceCodeAccess
LogPluginManager: Mounting plugin GitSourceControl
LogPluginManager: Mounting plugin KDevelopSourceCodeAccess
LogPluginManager: Mounting plugin NullSourceCodeAccess
LogPluginManager: Mounting plugin PerforceSourceControl
LogPluginManager: Mounting plugin PlasticSourceControl
LogPluginManager: Mounting plugin RiderSourceCodeAccess
LogPluginManager: Mounting plugin SubversionSourceControl
LogPluginManager: Mounting plugin UObjectPlugin
LogPluginManager: Mounting plugin VisualStudioCodeSourceCodeAccess
LogPluginManager: Mounting plugin VisualStudioSourceCodeAccess
LogPluginManager: Mounting plugin XCodeSourceCodeAccess
LogPluginManager: Mounting plugin AssetManagerEditor
LogPluginManager: Mounting plugin CryptoKeys
LogPluginManager: Mounting plugin CurveEditorTools
LogPluginManager: Mounting plugin DataValidation
LogPluginManager: Mounting plugin EditorScriptingUtilities
LogPluginManager: Mounting plugin FacialAnimation
LogPluginManager: Mounting plugin GameplayTagsEditor
LogPluginManager: Mounting plugin GeometryMode
LogPluginManager: Mounting plugin MacGraphicsSwitching
LogPluginManager: Mounting plugin MaterialAnalyzer
LogPluginManager: Mounting plugin MobileLauncherProfileWizard
LogPluginManager: Mounting plugin PluginBrowser
LogPluginManager: Mounting plugin SpeedTreeImporter
LogPluginManager: Mounting plugin DatasmithContent
LogPluginManager: Mounting plugin VariantManagerContent
LogPluginManager: Mounting plugin AlembicImporter
LogPluginManager: Mounting plugin AutomationUtils
LogPluginManager: Mounting plugin BackChannel
LogPluginManager: Mounting plugin ChaosCloth
LogPluginManager: Mounting plugin ChaosClothEditor
LogPluginManager: Mounting plugin ChaosEditor
LogPluginManager: Mounting plugin ChaosNiagara
LogPluginManager: Mounting plugin ChaosSolverPlugin
LogPluginManager: Mounting plugin CharacterAI
LogPluginManager: Mounting plugin GeometryCache
LogPluginManager: Mounting plugin GeometryCollectionPlugin
LogPluginManager: Mounting plugin GeometryProcessing
LogPluginManager: Mounting plugin PlanarCut
LogPluginManager: Mounting plugin PlatformCrypto
LogPluginManager: Mounting plugin ProxyLODPlugin
LogPluginManager: Mounting plugin SkeletalReduction
LogPluginManager: Mounting plugin Niagara
LogPluginManager: Mounting plugin MagicLeap
LogPluginManager: Mounting plugin MagicLeapLightEstimation
LogPluginManager: Mounting plugin MagicLeapMedia
LogPluginManager: Mounting plugin MagicLeapPassableWorld
LogPluginManager: Mounting plugin MLSDK
LogPluginManager: Mounting plugin AndroidMedia
LogPluginManager: Mounting plugin AvfMedia
LogPluginManager: Mounting plugin ImgMedia
LogPluginManager: Mounting plugin MediaCompositing
LogPluginManager: Mounting plugin MediaPlayerEditor
LogPluginManager: Mounting plugin WebMMedia
LogPluginManager: Mounting plugin WmfMedia
LogPluginManager: Mounting plugin MeshPainting
LogPluginManager: Mounting plugin TcpMessaging
LogPluginManager: Mounting plugin UdpMessaging
LogPluginManager: Mounting plugin ActorSequence
LogPluginManager: Mounting plugin LevelSequenceEditor
LogPluginManager: Mounting plugin MatineeToLevelSequence
LogPluginManager: Mounting plugin MovieRenderPipeline
LogPluginManager: Mounting plugin TemplateSequence
LogPluginManager: Mounting plugin NetcodeUnitTest
LogPluginManager: Mounting plugin NUTUnrealEngine4
LogPluginManager: Mounting plugin OnlineSubsystemGooglePlay
LogPluginManager: Mounting plugin OnlineSubsystemIOS
LogPluginManager: Mounting plugin OnlineSubsystem
LogPluginManager: Mounting plugin OnlineSubsystemNull
LogPluginManager: Mounting plugin OnlineSubsystemUtils
LogPluginManager: Mounting plugin LauncherChunkInstaller
LogPluginManager: Mounting plugin AndroidDeviceProfileSelector
LogPluginManager: Mounting plugin AndroidMoviePlayer
LogPluginManager: Mounting plugin AndroidPermission
LogPluginManager: Mounting plugin AppleImageUtils
LogPluginManager: Mounting plugin AppleMoviePlayer
LogPluginManager: Mounting plugin ArchVisCharacter
LogPluginManager: Mounting plugin AssetTags
LogPluginManager: Mounting plugin AudioCapture
LogPluginManager: Mounting plugin CableComponent
LogPluginManager: Mounting plugin CustomMeshComponent
LogPluginManager: Mounting plugin EditableMesh
LogPluginManager: Mounting plugin ExampleDeviceProfileSelector
LogPluginManager: Mounting plugin GoogleCloudMessaging
LogPluginManager: Mounting plugin GooglePAD
LogPluginManager: Mounting plugin IOSDeviceProfileSelector
LogPluginManager: Mounting plugin LinuxDeviceProfileSelector
LogPluginManager: Mounting plugin LocationServicesBPLibrary
LogPluginManager: Mounting plugin MobilePatchingUtils
LogPluginManager: Mounting plugin OculusVR
LogPluginManager: Mounting plugin PhysXVehicles
LogPluginManager: Mounting plugin PostSplashScreen
LogPluginManager: Mounting plugin ProceduralMeshComponent
LogPluginManager: Mounting plugin RuntimePhysXCooking
LogPluginManager: Mounting plugin SignificanceManager
LogPluginManager: Mounting plugin SoundFields
LogPluginManager: Mounting plugin SteamVR
LogPluginManager: Mounting plugin Synthesis
LogPluginManager: Mounting plugin WebMMoviePlayer
LogPluginManager: Mounting plugin WindowsMoviePlayer
LogPluginManager: Mounting plugin ScreenshotTools
LogInit: Using libcurl 7.55.1-DEV
LogInit:  - built for x86_64-pc-win32
LogInit:  - supports SSL with OpenSSL/1.1.1
LogInit:  - supports HTTP deflate (compression) using libz 1.2.8
LogInit:  - other features:
LogInit:      CURL_VERSION_SSL
LogInit:      CURL_VERSION_LIBZ
LogInit:      CURL_VERSION_IPV6
LogInit:      CURL_VERSION_ASYNCHDNS
LogInit:      CURL_VERSION_LARGEFILE
LogInit:      CURL_VERSION_IDN
LogInit:  CurlRequestOptions (configurable via config and command line):
LogInit:  - bVerifyPeer = true  - Libcurl will verify peer certificate
LogInit:  - bUseHttpProxy = false  - Libcurl will NOT use HTTP proxy
LogInit:  - bDontReuseConnections = false  - Libcurl will reuse connections
LogInit:  - MaxHostConnections = 16  - Libcurl will limit the number of connections to a host
LogInit:  - LocalHostAddr = Default
LogInit:  - BufferSize = 65536
LogOnline: OSS: Creating online subsystem instance for: NULL
LogInit: WinSock: version 1.1 (2.2), MaxSocks=32767, MaxUdp=65467
LogOnline: OSS: TryLoadSubsystemAndSetDefault: Loaded subsystem for module [NULL]
LogInit: Build: ++UE4+Release-4.25-CL-13942748
LogInit: Engine Version: 4.25.3-13942748+++UE4+Release-4.25
LogInit: Compatible Engine Version: 4.25.0-13144385+++UE4+Release-4.25
LogInit: Net CL: 13144385
LogInit: OS: Windows 10 (Release 1909) (), CPU: Intel(R) Core(TM) i5-10300H CPU @ 2.50GHz, GPU: Intel(R) UHD Graphics
LogInit: Compiled (64-bit): Jul 25 2020 02:07:48
LogInit: Compiled with Visual C++: 19.24.28315.00
LogInit: Build Configuration: Development
LogInit: Branch Name: ++UE4+Release-4.25
LogInit: Command Line: 
LogInit: Base Directory: C:/Program Files/Epic Games/UE_4.25/Engine/Binaries/Win64/
LogInit: Allocator: TBB
LogInit: Installed Engine Build: 1
LogDevObjectVersion: Number of dev versions registered: 26
LogDevObjectVersion:   Dev-Blueprints (B0D832E4-1F89-4F0D-ACCF-7EB736FD4AA2): 10
LogDevObjectVersion:   Dev-Build (E1C64328-A22C-4D53-A36C-8E866417BD8C): 0
LogDevObjectVersion:   Dev-Core (375EC13C-06E4-48FB-B500-84F0262A717E): 4
LogDevObjectVersion:   Dev-Editor (E4B068ED-F494-42E9-A231-DA0B2E46BB41): 38
LogDevObjectVersion:   Dev-Framework (CFFC743F-43B0-4480-9391-14DF171D2073): 37
LogDevObjectVersion:   Dev-Mobile (B02B49B5-BB20-44E9-A304-32B752E40360): 2
LogDevObjectVersion:   Dev-Networking (A4E4105C-59A1-49B5-A7C5-40C4547EDFEE): 0
LogDevObjectVersion:   Dev-Online (39C831C9-5AE6-47DC-9A44-9C173E1C8E7C): 0
LogDevObjectVersion:   Dev-Physics (78F01B33-EBEA-4F98-B9B4-84EACCB95AA2): 4
LogDevObjectVersion:   Dev-Platform (6631380F-2D4D-43E0-8009-CF276956A95A): 0
LogDevObjectVersion:   Dev-Rendering (12F88B9F-8875-4AFC-A67C-D90C383ABD29): 43
LogDevObjectVersion:   Dev-Sequencer (7B5AE74C-D270-4C10-A958-57980B212A5A): 12
LogDevObjectVersion:   Dev-VR (D7296918-1DD6-4BDD-9DE2-64A83CC13884): 3
LogDevObjectVersion:   Dev-LoadTimes (C2A15278-BFE7-4AFE-6C17-90FF531DF755): 1
LogDevObjectVersion:   Private-Geometry (6EACA3D4-40EC-4CC1-B786-8BED09428FC5): 3
LogDevObjectVersion:   Dev-AnimPhys (29E575DD-E0A3-4627-9D10-D276232CDCEA): 17
LogDevObjectVersion:   Dev-Anim (AF43A65D-7FD3-4947-9873-3E8ED9C1BB05): 7
LogDevObjectVersion:   Dev-ReflectionCapture (6B266CEC-1EC7-4B8F-A30B-E4D90942FC07): 1
LogDevObjectVersion:   Dev-Automation (0DF73D61-A23F-47EA-B727-89E90C41499A): 1
LogDevObjectVersion:   FortniteMain (601D1886-AC64-4F84-AA16-D3DE0DEAC7D6): 31
LogDevObjectVersion:   Dev-Enterprise (9DFFBCD6-494F-0158-E221-12823C92A888): 10
LogDevObjectVersion:   Dev-Niagara (F2AED0AC-9AFE-416F-8664-AA7FFA26D6FC): 1
LogDevObjectVersion:   Dev-Destruction (174F1F0B-B4C6-45A5-B13F-2EE8D0FB917D): 10
LogDevObjectVersion:   Dev-Physics-Ext (35F94A83-E258-406C-A318-09F59610247C): 37
LogDevObjectVersion:   Dev-PhysicsMaterial-Chaos (B68FC16E-8B1B-42E2-B453-215C058844FE): 1
LogDevObjectVersion:   Dev-CineCamera (B2E18506-4273-CFC2-A54E-F4BB758BBA07): 1
LogInit: Presizing for max 25165824 objects, including 0 objects not considered by GC, pre-allocating 0 bytes for permanent pool.
LogConfig: Applying CVar settings from Section [/Script/Engine.StreamingSettings] File [C:/Users/simam/Documents/GitHub/EpicMegaJam/Dont_sleep/Saved/Config/Windows/Engine.ini]
LogConfig: Setting CVar [[s.MinBulkDataSizeForAsyncLoading:131072]]
LogConfig: Setting CVar [[s.AsyncLoadingThreadEnabled:0]]
LogConfig: Setting CVar [[s.EventDrivenLoaderEnabled:1]]
LogConfig: Setting CVar [[s.WarnIfTimeLimitExceeded:0]]
LogConfig: Setting CVar [[s.TimeLimitExceededMultiplier:1.5]]
LogConfig: Setting CVar [[s.TimeLimitExceededMinTime:0.005]]
LogConfig: Setting CVar [[s.UseBackgroundLevelStreaming:1]]
LogConfig: Setting CVar [[s.PriorityAsyncLoadingExtraTime:15.0]]
LogConfig: Setting CVar [[s.LevelStreamingActorsUpdateTimeLimit:5.0]]
LogConfig: Setting CVar [[s.PriorityLevelStreamingActorsUpdateExtraTime:5.0]]
LogConfig: Setting CVar [[s.LevelStreamingComponentsRegistrationGranularity:10]]
LogConfig: Setting CVar [[s.UnregisterComponentsTimeLimit:1.0]]
LogConfig: Setting CVar [[s.LevelStreamingComponentsUnregistrationGranularity:5]]
LogConfig: Setting CVar [[s.FlushStreamingOnExit:1]]
LogInit: Object subsystem initialized
LogConfig: Setting CVar [[con.DebugEarlyDefault:1]]
LogConfig: Setting CVar [[r.setres:1280x720]]
[2020.12.10-23.16.22:831][  0]LogConfig: Setting CVar [[r.VSync:0]]
[2020.12.10-23.16.22:831][  0]LogConfig: Setting CVar [[r.RHICmdBypass:0]]
[2020.12.10-23.16.22:832][  0]LogConfig: Applying CVar settings from Section [/Script/Engine.RendererSettings] File [C:/Users/simam/Documents/GitHub/EpicMegaJam/Dont_sleep/Saved/Config/Windows/Engine.ini]
[2020.12.10-23.16.22:832][  0]LogConfig: Setting CVar [[r.GPUCrashDebugging:0]]
[2020.12.10-23.16.22:832][  0]LogConfig: Setting CVar [[r.Mobile.DisableVertexFog:1]]
[2020.12.10-23.16.22:832][  0]LogConfig: Setting CVar [[r.Shadow.CSM.MaxMobileCascades:2]]
[2020.12.10-23.16.22:832][  0]LogConfig: Setting CVar [[r.MobileMSAA:1]]
[2020.12.10-23.16.22:832][  0]LogConfig: Setting CVar [[r.Mobile.UseLegacyShadingModel:0]]
[2020.12.10-23.16.22:832][  0]LogConfig: Setting CVar [[r.Mobile.AllowDitheredLODTransition:0]]
[2020.12.10-23.16.22:832][  0]LogConfig: Setting CVar [[r.Mobile.AllowSoftwareOcclusion:0]]
[2020.12.10-23.16.22:832][  0]LogConfig: Setting CVar [[r.Mobile.VirtualTextures:0]]
[2020.12.10-23.16.22:832][  0]LogConfig: Setting CVar [[r.DiscardUnusedQuality:0]]
[2020.12.10-23.16.22:832][  0]LogConfig: Setting CVar [[r.AllowOcclusionQueries:1]]
[2020.12.10-23.16.22:832][  0]LogConfig: Setting CVar [[r.MinScreenRadiusForLights:0.030000]]
[2020.12.10-23.16.22:832][  0]LogConfig: Setting CVar [[r.MinScreenRadiusForDepthPrepass:0.030000]]
[2020.12.10-23.16.22:832][  0]LogConfig: Setting CVar [[r.MinScreenRadiusForCSMDepth:0.010000]]
[2020.12.10-23.16.22:832][  0]LogConfig: Setting CVar [[r.PrecomputedVisibilityWarning:0]]
[2020.12.10-23.16.22:832][  0]LogConfig: Setting CVar [[r.TextureStreaming:1]]
[2020.12.10-23.16.22:832][  0]LogConfig: Setting CVar [[Compat.UseDXT5NormalMaps:0]]
[2020.12.10-23.16.22:832][  0]LogConfig: Setting CVar [[r.VirtualTextures:0]]
[2020.12.10-23.16.22:832][  0]LogConfig: Setting CVar [[r.VirtualTexturedLightmaps:0]]
[2020.12.10-23.16.22:832][  0]LogConfig: Setting CVar [[r.VT.TileSize:128]]
[2020.12.10-23.16.22:832][  0]LogConfig: Setting CVar [[r.VT.TileBorderSize:4]]
[2020.12.10-23.16.22:832][  0]LogConfig: Setting CVar [[r.vt.FeedbackFactor:16]]
[2020.12.10-23.16.22:832][  0]LogConfig: Setting CVar [[r.VT.EnableCompressZlib:1]]
[2020.12.10-23.16.22:832][  0]LogConfig: Setting CVar [[r.VT.EnableCompressCrunch:0]]
[2020.12.10-23.16.22:832][  0]LogConfig: Setting CVar [[r.ClearCoatNormal:0]]
[2020.12.10-23.16.22:832][  0]LogConfig: Setting CVar [[r.AnisotropicBRDF:0]]
[2020.12.10-23.16.22:832][  0]LogConfig: Setting CVar [[r.ReflectionCaptureResolution:128]]
[2020.12.10-23.16.22:832][  0]LogConfig: Setting CVar [[r.ReflectionEnvironmentLightmapMixBasedOnRoughness:1]]
[2020.12.10-23.16.22:832][  0]LogConfig: Setting CVar [[r.ForwardShading:0]]
[2020.12.10-23.16.22:832][  0]LogConfig: Setting CVar [[r.VertexFoggingForOpaque:1]]
[2020.12.10-23.16.22:832][  0]LogConfig: Setting CVar [[r.AllowStaticLighting:1]]
[2020.12.10-23.16.22:832][  0]LogConfig: Setting CVar [[r.NormalMapsForStaticLighting:0]]
[2020.12.10-23.16.22:832][  0]LogConfig: Setting CVar [[r.GenerateMeshDistanceFields:0]]
[2020.12.10-23.16.22:832][  0]LogConfig: Setting CVar [[r.DistanceFieldBuild.EightBit:0]]
[2020.12.10-23.16.22:832][  0]LogConfig: Setting CVar [[r.GenerateLandscapeGIData:0]]
[2020.12.10-23.16.22:832][  0]LogConfig: Setting CVar [[r.DistanceFieldBuild.Compress:0]]
[2020.12.10-23.16.22:832][  0]LogConfig: Setting CVar [[r.TessellationAdaptivePixelsPerTriangle:48.000000]]
[2020.12.10-23.16.22:832][  0]LogConfig: Setting CVar [[r.SeparateTranslucency:1]]
[2020.12.10-23.16.22:832][  0]LogConfig: Setting CVar [[r.TranslucentSortPolicy:0]]
[2020.12.10-23.16.22:832][  0]LogConfig: Setting CVar [[r.CustomDepth:1]]
[2020.12.10-23.16.22:832][  0]LogConfig: Setting CVar [[r.CustomDepthTemporalAAJitter:1]]
[2020.12.10-23.16.22:832][  0]LogConfig: Setting CVar [[r.PostProcessing.PropagateAlpha:0]]
[2020.12.10-23.16.22:832][  0]LogConfig: Setting CVar [[r.DefaultFeature.Bloom:1]]
[2020.12.10-23.16.22:832][  0]LogConfig: Setting CVar [[r.DefaultFeature.AmbientOcclusion:1]]
[2020.12.10-23.16.22:832][  0]LogConfig: Setting CVar [[r.DefaultFeature.AmbientOcclusionStaticFraction:1]]
[2020.12.10-23.16.22:832][  0]LogConfig: Setting CVar [[r.DefaultFeature.AutoExposure:0]]
[2020.12.10-23.16.22:832][  0]LogConfig: Setting CVar [[r.DefaultFeature.AutoExposure.Method:0]]
[2020.12.10-23.16.22:832][  0]LogConfig: Setting CVar [[r.DefaultFeature.AutoExposure.Bias:1.000000]]
[2020.12.10-23.16.22:832][  0]LogConfig: Setting CVar [[r.DefaultFeature.AutoExposure.ExtendDefaultLuminanceRange:0]]
[2020.12.10-23.16.22:832][  0]LogConfig: Setting CVar [[r.UsePreExposure:1]]
[2020.12.10-23.16.22:832][  0]LogConfig: Setting CVar [[r.EyeAdaptation.EditorOnly:0]]
[2020.12.10-23.16.22:832][  0]LogConfig: Setting CVar [[r.DefaultFeature.MotionBlur:0]]
[2020.12.10-23.16.22:832][  0]LogConfig: Setting CVar [[r.DefaultFeature.LensFlare:0]]
[2020.12.10-23.16.22:832][  0]LogConfig: Setting CVar [[r.TemporalAA.Upsampling:0]]
[2020.12.10-23.16.22:832][  0]LogConfig: Setting CVar [[r.SSGI.Enable:0]]
[2020.12.10-23.16.22:832][  0]LogConfig: Setting CVar [[r.DefaultFeature.AntiAliasing:0]]
[2020.12.10-23.16.22:832][  0]LogConfig: Setting CVar [[r.DefaultFeature.LightUnits:1]]
[2020.12.10-23.16.22:832][  0]LogConfig: Setting CVar [[r.DefaultBackBufferPixelFormat:4]]
[2020.12.10-23.16.22:832][  0]LogConfig: Setting CVar [[r.Shadow.UnbuiltPreviewInGame:1]]
[2020.12.10-23.16.22:832][  0]LogConfig: Setting CVar [[r.StencilForLODDither:0]]
[2020.12.10-23.16.22:832][  0]LogConfig: Setting CVar [[r.EarlyZPass:3]]
[2020.12.10-23.16.22:832][  0]LogConfig: Setting CVar [[r.EarlyZPassOnlyMaterialMasking:0]]
[2020.12.10-23.16.22:832][  0]LogConfig: Setting CVar [[r.DBuffer:1]]
[2020.12.10-23.16.22:832][  0]LogConfig: Setting CVar [[r.ClearSceneMethod:1]]
[2020.12.10-23.16.22:832][  0]LogConfig: Setting CVar [[r.BasePassOutputsVelocity:0]]
[2020.12.10-23.16.22:832][  0]LogConfig: Setting CVar [[r.VertexDeformationOutputsVelocity:0]]
[2020.12.10-23.16.22:832][  0]LogConfig: Setting CVar [[r.SelectiveBasePassOutputs:0]]
[2020.12.10-23.16.22:832][  0]LogConfig: Setting CVar [[fx.GPUSimulationTextureSizeX:1024]]
[2020.12.10-23.16.22:832][  0]LogConfig: Setting CVar [[fx.GPUSimulationTextureSizeY:1024]]
[2020.12.10-23.16.22:832][  0]LogConfig: Setting CVar [[r.AllowGlobalClipPlane:0]]
[2020.12.10-23.16.22:832][  0]LogConfig: Setting CVar [[r.GBufferFormat:1]]
[2020.12.10-23.16.22:832][  0]LogConfig: Setting CVar [[r.MorphTarget.Mode:1]]
[2020.12.10-23.16.22:832][  0]LogConfig: Setting CVar [[vr.InstancedStereo:0]]
[2020.12.10-23.16.22:832][  0]LogConfig: Setting CVar [[r.MobileHDR:1]]
[2020.12.10-23.16.22:832][  0]LogConfig: Setting CVar [[vr.MobileMultiView:0]]
[2020.12.10-23.16.22:832][  0]LogConfig: Setting CVar [[r.Mobile.UseHWsRGBEncoding:0]]
[2020.12.10-23.16.22:832][  0]LogConfig: Setting CVar [[vr.RoundRobinOcclusion:0]]
[2020.12.10-23.16.22:832][  0]LogConfig: Setting CVar [[vr.ODSCapture:0]]
[2020.12.10-23.16.22:832][  0]LogConfig: Setting CVar [[r.MeshStreaming:0]]
[2020.12.10-23.16.22:832][  0]LogConfig: Setting CVar [[r.WireframeCullThreshold:5.000000]]
[2020.12.10-23.16.22:832][  0]LogConfig: Setting CVar [[r.RayTracing:0]]
[2020.12.10-23.16.22:832][  0]LogConfig: Setting CVar [[r.RayTracing.UseTextureLod:0]]
[2020.12.10-23.16.22:832][  0]LogConfig: Setting CVar [[r.SupportStationarySkylight:1]]
[2020.12.10-23.16.22:832][  0]LogConfig: Setting CVar [[r.SupportLowQualityLightmaps:1]]
[2020.12.10-23.16.22:832][  0]LogConfig: Setting CVar [[r.SupportPointLightWholeSceneShadows:1]]
[2020.12.10-23.16.22:832][  0]LogConfig: Setting CVar [[r.SupportAtmosphericFog:1]]
[2020.12.10-23.16.22:832][  0]LogConfig: Setting CVar [[r.SupportSkyAtmosphere:1]]
[2020.12.10-23.16.22:832][  0]LogConfig: Setting CVar [[r.SupportSkyAtmosphereAffectsHeightFog:0]]
[2020.12.10-23.16.22:832][  0]LogConfig: Setting CVar [[r.SkinCache.CompileShaders:0]]
[2020.12.10-23.16.22:832][  0]LogConfig: Setting CVar [[r.SkinCache.DefaultBehavior:1]]
[2020.12.10-23.16.22:832][  0]LogConfig: Setting CVar [[r.SkinCache.SceneMemoryLimitInMB:128.000000]]
[2020.12.10-23.16.22:832][  0]LogConfig: Setting CVar [[r.Mobile.EnableStaticAndCSMShadowReceivers:1]]
[2020.12.10-23.16.22:832][  0]LogConfig: Setting CVar [[r.Mobile.EnableMovableLightCSMShaderCulling:1]]
[2020.12.10-23.16.22:832][  0]LogConfig: Setting CVar [[r.Mobile.AllowDistanceFieldShadows:1]]
[2020.12.10-23.16.22:832][  0]LogConfig: Setting CVar [[r.Mobile.AllowMovableDirectionalLights:1]]
[2020.12.10-23.16.22:832][  0]LogConfig: Setting CVar [[r.MobileNumDynamicPointLights:4]]
[2020.12.10-23.16.22:832][  0]LogConfig: Setting CVar [[r.MobileDynamicPointLightsUseStaticBranch:1]]
[2020.12.10-23.16.22:832][  0]LogConfig: Setting CVar [[r.Mobile.EnableMovableSpotlights:0]]
[2020.12.10-23.16.22:832][  0]LogConfig: Setting CVar [[r.GPUSkin.Support16BitBoneIndex:0]]
[2020.12.10-23.16.22:832][  0]LogConfig: Setting CVar [[r.GPUSkin.Limit2BoneInfluences:0]]
[2020.12.10-23.16.22:832][  0]LogConfig: Setting CVar [[r.SupportDepthOnlyIndexBuffers:1]]
[2020.12.10-23.16.22:832][  0]LogConfig: Setting CVar [[r.SupportReversedIndexBuffers:1]]
[2020.12.10-23.16.22:832][  0]LogConfig: Setting CVar [[r.SupportMaterialLayers:0]]
[2020.12.10-23.16.22:832][  0]LogConfig: Setting CVar [[r.LightPropagationVolume:0]]
[2020.12.10-23.16.22:832][  0]LogConfig: Applying CVar settings from Section [/Script/Engine.RendererOverrideSettings] File [C:/Users/simam/Documents/GitHub/EpicMegaJam/Dont_sleep/Saved/Config/Windows/Engine.ini]
[2020.12.10-23.16.22:833][  0]LogConfig: Applying CVar settings from Section [/Script/Engine.StreamingSettings] File [C:/Users/simam/Documents/GitHub/EpicMegaJam/Dont_sleep/Saved/Config/Windows/Engine.ini]
[2020.12.10-23.16.22:833][  0]LogConfig: Setting CVar [[s.MinBulkDataSizeForAsyncLoading:131072]]
[2020.12.10-23.16.22:833][  0]LogConfig: Setting CVar [[s.AsyncLoadingThreadEnabled:0]]
[2020.12.10-23.16.22:833][  0]LogConfig: Setting CVar [[s.EventDrivenLoaderEnabled:1]]
[2020.12.10-23.16.22:833][  0]LogConfig: Setting CVar [[s.WarnIfTimeLimitExceeded:0]]
[2020.12.10-23.16.22:833][  0]LogConfig: Setting CVar [[s.TimeLimitExceededMultiplier:1.5]]
[2020.12.10-23.16.22:833][  0]LogConfig: Setting CVar [[s.TimeLimitExceededMinTime:0.005]]
[2020.12.10-23.16.22:833][  0]LogConfig: Setting CVar [[s.UseBackgroundLevelStreaming:1]]
[2020.12.10-23.16.22:833][  0]LogConfig: Setting CVar [[s.PriorityAsyncLoadingExtraTime:15.0]]
[2020.12.10-23.16.22:833][  0]LogConfig: Setting CVar [[s.LevelStreamingActorsUpdateTimeLimit:5.0]]
[2020.12.10-23.16.22:833][  0]LogConfig: Setting CVar [[s.PriorityLevelStreamingActorsUpdateExtraTime:5.0]]
[2020.12.10-23.16.22:833][  0]LogConfig: Setting CVar [[s.LevelStreamingComponentsRegistrationGranularity:10]]
[2020.12.10-23.16.22:833][  0]LogConfig: Setting CVar [[s.UnregisterComponentsTimeLimit:1.0]]
[2020.12.10-23.16.22:833][  0]LogConfig: Setting CVar [[s.LevelStreamingComponentsUnregistrationGranularity:5]]
[2020.12.10-23.16.22:833][  0]LogConfig: Setting CVar [[s.FlushStreamingOnExit:1]]
[2020.12.10-23.16.22:833][  0]LogConfig: Applying CVar settings from Section [/Script/Engine.GarbageCollectionSettings] File [C:/Users/simam/Documents/GitHub/EpicMegaJam/Dont_sleep/Saved/Config/Windows/Engine.ini]
[2020.12.10-23.16.22:833][  0]LogConfig: Setting CVar [[gc.MaxObjectsNotConsideredByGC:1]]
[2020.12.10-23.16.22:833][  0]LogConfig: Setting CVar [[gc.SizeOfPermanentObjectPool:0]]
[2020.12.10-23.16.22:833][  0]LogConfig: Setting CVar [[gc.FlushStreamingOnGC:0]]
[2020.12.10-23.16.22:833][  0]LogConfig: Setting CVar [[gc.NumRetriesBeforeForcingGC:10]]
[2020.12.10-23.16.22:833][  0]LogConfig: Setting CVar [[gc.AllowParallelGC:1]]
[2020.12.10-23.16.22:833][  0]LogConfig: Setting CVar [[gc.TimeBetweenPurgingPendingKillObjects:61.1]]
[2020.12.10-23.16.22:833][  0]LogConfig: Setting CVar [[gc.MaxObjectsInEditor:25165824]]
[2020.12.10-23.16.22:833][  0]LogConfig: Setting CVar [[gc.IncrementalBeginDestroyEnabled:1]]
[2020.12.10-23.16.22:833][  0]LogConfig: Setting CVar [[gc.CreateGCClusters:1]]
[2020.12.10-23.16.22:833][  0]LogConfig: Setting CVar [[gc.MinGCClusterSize:5]]
[2020.12.10-23.16.22:833][  0]LogConfig: Setting CVar [[gc.ActorClusteringEnabled:0]]
[2020.12.10-23.16.22:833][  0]LogConfig: Setting CVar [[gc.BlueprintClusteringEnabled:0]]
[2020.12.10-23.16.22:833][  0]LogConfig: Setting CVar [[gc.UseDisregardForGCOnDedicatedServers:0]]
[2020.12.10-23.16.22:833][  0]LogConfig: Applying CVar settings from Section [/Script/Engine.NetworkSettings] File [C:/Users/simam/Documents/GitHub/EpicMegaJam/Dont_sleep/Saved/Config/Windows/Engine.ini]
[2020.12.10-23.16.22:833][  0]LogConfig: Applying CVar settings from Section [/Script/UnrealEd.CookerSettings] File [C:/Users/simam/Documents/GitHub/EpicMegaJam/Dont_sleep/Saved/Config/Windows/Engine.ini]
[2020.12.10-23.16.22:835][  0]LogConfig: Applying CVar settings from Section [ViewDistanceQuality@3] File [C:/Users/simam/Documents/GitHub/EpicMegaJam/Dont_sleep/Saved/Config/Windows/Scalability.ini]
[2020.12.10-23.16.22:835][  0]LogConfig: Setting CVar [[r.SkeletalMeshLODBias:0]]
[2020.12.10-23.16.22:835][  0]LogConfig: Setting CVar [[r.ViewDistanceScale:1.0]]
[2020.12.10-23.16.22:835][  0]LogConfig: Applying CVar settings from Section [AntiAliasingQuality@3] File [C:/Users/simam/Documents/GitHub/EpicMegaJam/Dont_sleep/Saved/Config/Windows/Scalability.ini]
[2020.12.10-23.16.22:835][  0]LogConfig: Setting CVar [[r.PostProcessAAQuality:4]]
[2020.12.10-23.16.22:835][  0]LogConfig: Applying CVar settings from Section [ShadowQuality@3] File [C:/Users/simam/Documents/GitHub/EpicMegaJam/Dont_sleep/Saved/Config/Windows/Scalability.ini]
[2020.12.10-23.16.22:835][  0]LogConfig: Setting CVar [[r.LightFunctionQuality:1]]
[2020.12.10-23.16.22:835][  0]LogConfig: Setting CVar [[r.ShadowQuality:5]]
[2020.12.10-23.16.22:835][  0]LogConfig: Setting CVar [[r.Shadow.CSM.MaxCascades:10]]
[2020.12.10-23.16.22:835][  0]LogConfig: Setting CVar [[r.Shadow.MaxResolution:2048]]
[2020.12.10-23.16.22:835][  0]LogConfig: Setting CVar [[r.Shadow.MaxCSMResolution:2048]]
[2020.12.10-23.16.22:835][  0]LogConfig: Setting CVar [[r.Shadow.RadiusThreshold:0.01]]
[2020.12.10-23.16.22:835][  0]LogConfig: Setting CVar [[r.Shadow.DistanceScale:1.0]]
[2020.12.10-23.16.22:835][  0]LogConfig: Setting CVar [[r.Shadow.CSM.TransitionScale:1.0]]
[2020.12.10-23.16.22:835][  0]LogConfig: Setting CVar [[r.Shadow.PreShadowResolutionFactor:1.0]]
[2020.12.10-23.16.22:835][  0]LogConfig: Setting CVar [[r.DistanceFieldShadowing:1]]
[2020.12.10-23.16.22:835][  0]LogConfig: Setting CVar [[r.DistanceFieldAO:1]]
[2020.12.10-23.16.22:835][  0]LogConfig: Setting CVar [[r.AOQuality:2]]
[2020.12.10-23.16.22:835][  0]LogConfig: Setting CVar [[r.VolumetricFog:1]]
[2020.12.10-23.16.22:835][  0]LogConfig: Setting CVar [[r.VolumetricFog.GridPixelSize:8]]
[2020.12.10-23.16.22:835][  0]LogConfig: Setting CVar [[r.VolumetricFog.GridSizeZ:128]]
[2020.12.10-23.16.22:835][  0]LogConfig: Setting CVar [[r.VolumetricFog.HistoryMissSupersampleCount:4]]
[2020.12.10-23.16.22:835][  0]LogConfig: Setting CVar [[r.LightMaxDrawDistanceScale:1]]
[2020.12.10-23.16.22:835][  0]LogConfig: Setting CVar [[r.CapsuleShadows:1]]
[2020.12.10-23.16.22:835][  0]LogConfig: Applying CVar settings from Section [PostProcessQuality@3] File [C:/Users/simam/Documents/GitHub/EpicMegaJam/Dont_sleep/Saved/Config/Windows/Scalability.ini]
[2020.12.10-23.16.22:835][  0]LogConfig: Setting CVar [[r.MotionBlurQuality:4]]
[2020.12.10-23.16.22:835][  0]LogConfig: Setting CVar [[r.AmbientOcclusionMipLevelFactor:0.4]]
[2020.12.10-23.16.22:835][  0]LogConfig: Setting CVar [[r.AmbientOcclusionMaxQuality:100]]
[2020.12.10-23.16.22:835][  0]LogConfig: Setting CVar [[r.AmbientOcclusionLevels:-1]]
[2020.12.10-23.16.22:835][  0]LogConfig: Setting CVar [[r.AmbientOcclusionRadiusScale:1.0]]
[2020.12.10-23.16.22:835][  0]LogConfig: Setting CVar [[r.DepthOfFieldQuality:2]]
[2020.12.10-23.16.22:835][  0]LogConfig: Setting CVar [[r.RenderTargetPoolMin:400]]
[2020.12.10-23.16.22:835][  0]LogConfig: Setting CVar [[r.LensFlareQuality:2]]
[2020.12.10-23.16.22:835][  0]LogConfig: Setting CVar [[r.SceneColorFringeQuality:1]]
[2020.12.10-23.16.22:835][  0]LogConfig: Setting CVar [[r.EyeAdaptationQuality:2]]
[2020.12.10-23.16.22:835][  0]LogConfig: Setting CVar [[r.BloomQuality:5]]
[2020.12.10-23.16.22:835][  0]LogConfig: Setting CVar [[r.FastBlurThreshold:100]]
[2020.12.10-23.16.22:835][  0]LogConfig: Setting CVar [[r.Upscale.Quality:3]]
[2020.12.10-23.16.22:835][  0]LogConfig: Setting CVar [[r.Tonemapper.GrainQuantization:1]]
[2020.12.10-23.16.22:835][  0]LogConfig: Setting CVar [[r.LightShaftQuality:1]]
[2020.12.10-23.16.22:835][  0]LogConfig: Setting CVar [[r.Filter.SizeScale:1]]
[2020.12.10-23.16.22:835][  0]LogConfig: Setting CVar [[r.Tonemapper.Quality:5]]
[2020.12.10-23.16.22:835][  0]LogConfig: Setting CVar [[r.DOF.Gather.AccumulatorQuality:1        ; higher gathering accumulator quality]]
[2020.12.10-23.16.22:835][  0]LogConfig: Setting CVar [[r.DOF.Gather.PostfilterMethod:1          ; Median3x3 postfilering method]]
[2020.12.10-23.16.22:835][  0]LogConfig: Setting CVar [[r.DOF.Gather.EnableBokehSettings:0       ; no bokeh simulation when gathering]]
[2020.12.10-23.16.22:835][  0]LogConfig: Setting CVar [[r.DOF.Gather.RingCount:4                 ; medium number of samples when gathering]]
[2020.12.10-23.16.22:835][  0]LogConfig: Setting CVar [[r.DOF.Scatter.ForegroundCompositing:1    ; additive foreground scattering]]
[2020.12.10-23.16.22:835][  0]LogConfig: Setting CVar [[r.DOF.Scatter.BackgroundCompositing:2    ; additive background scattering]]
[2020.12.10-23.16.22:835][  0]LogConfig: Setting CVar [[r.DOF.Scatter.EnableBokehSettings:1      ; bokeh simulation when scattering]]
[2020.12.10-23.16.22:835][  0]LogConfig: Setting CVar [[r.DOF.Scatter.MaxSpriteRatio:0.1         ; only a maximum of 10% of scattered bokeh]]
[2020.12.10-23.16.22:835][  0]LogConfig: Setting CVar [[r.DOF.Recombine.Quality:1                ; cheap slight out of focus]]
[2020.12.10-23.16.22:835][  0]LogConfig: Setting CVar [[r.DOF.Recombine.EnableBokehSettings:0    ; no bokeh simulation on slight out of focus]]
[2020.12.10-23.16.22:835][  0]LogConfig: Setting CVar [[r.DOF.TemporalAAQuality:1                ; more stable temporal accumulation]]
[2020.12.10-23.16.22:835][  0]LogConfig: Setting CVar [[r.DOF.Kernel.MaxForegroundRadius:0.025]]
[2020.12.10-23.16.22:835][  0]LogConfig: Setting CVar [[r.DOF.Kernel.MaxBackgroundRadius:0.025]]
[2020.12.10-23.16.22:835][  0]LogConfig: Applying CVar settings from Section [TextureQuality@3] File [C:/Users/simam/Documents/GitHub/EpicMegaJam/Dont_sleep/Saved/Config/Windows/Scalability.ini]
[2020.12.10-23.16.22:835][  0]LogConfig: Setting CVar [[r.Streaming.MipBias:0]]
[2020.12.10-23.16.22:835][  0]LogConfig: Setting CVar [[r.Streaming.AmortizeCPUToGPUCopy:0]]
[2020.12.10-23.16.22:835][  0]LogConfig: Setting CVar [[r.Streaming.MaxNumTexturesToStreamPerFrame:0]]
[2020.12.10-23.16.22:835][  0]LogConfig: Setting CVar [[r.Streaming.Boost:1]]
[2020.12.10-23.16.22:835][  0]LogConfig: Setting CVar [[r.MaxAnisotropy:8]]
[2020.12.10-23.16.22:835][  0]LogConfig: Setting CVar [[r.VT.MaxAnisotropy:8]]
[2020.12.10-23.16.22:835][  0]LogConfig: Setting CVar [[r.Streaming.LimitPoolSizeToVRAM:0]]
[2020.12.10-23.16.22:835][  0]LogConfig: Setting CVar [[r.Streaming.PoolSize:1000]]
[2020.12.10-23.16.22:835][  0]LogConfig: Setting CVar [[r.Streaming.MaxEffectiveScreenSize:0]]
[2020.12.10-23.16.22:835][  0]LogConfig: Applying CVar settings from Section [EffectsQuality@3] File [C:/Users/simam/Documents/GitHub/EpicMegaJam/Dont_sleep/Saved/Config/Windows/Scalability.ini]
[2020.12.10-23.16.22:835][  0]LogConfig: Setting CVar [[r.TranslucencyLightingVolumeDim:64]]
[2020.12.10-23.16.22:835][  0]LogConfig: Setting CVar [[r.RefractionQuality:2]]
[2020.12.10-23.16.22:835][  0]LogConfig: Setting CVar [[r.SSR.Quality:3]]
[2020.12.10-23.16.22:835][  0]LogConfig: Setting CVar [[r.SSR.HalfResSceneColor:0]]
[2020.12.10-23.16.22:835][  0]LogConfig: Setting CVar [[r.SceneColorFormat:4]]
[2020.12.10-23.16.22:835][  0]LogConfig: Setting CVar [[r.DetailMode:2]]
[2020.12.10-23.16.22:835][  0]LogConfig: Setting CVar [[r.TranslucencyVolumeBlur:1]]
[2020.12.10-23.16.22:835][  0]LogConfig: Setting CVar [[r.MaterialQualityLevel:1 ; High quality]]
[2020.12.10-23.16.22:835][  0]LogConfig: Setting CVar [[r.SSS.Scale:1]]
[2020.12.10-23.16.22:835][  0]LogConfig: Setting CVar [[r.SSS.SampleSet:2]]
[2020.12.10-23.16.22:835][  0]LogConfig: Setting CVar [[r.SSS.Quality:1]]
[2020.12.10-23.16.22:836][  0]LogConfig: Setting CVar [[r.SSS.HalfRes:0]]
[2020.12.10-23.16.22:836][  0]LogConfig: Setting CVar [[r.SSGI.Quality:3]]
[2020.12.10-23.16.22:836][  0]LogConfig: Setting CVar [[r.EmitterSpawnRateScale:1.0]]
[2020.12.10-23.16.22:836][  0]LogConfig: Setting CVar [[r.ParticleLightQuality:2]]
[2020.12.10-23.16.22:836][  0]LogConfig: Setting CVar [[r.SkyAtmosphere.AerialPerspectiveLUT.FastApplyOnOpaque:1 ; Always have FastSkyLUT 1 in this case to avoid wrong sky]]
[2020.12.10-23.16.22:836][  0]LogConfig: Setting CVar [[r.SkyAtmosphere.AerialPerspectiveLUT.SampleCountPerSlice:1]]
[2020.12.10-23.16.22:836][  0]LogConfig: Setting CVar [[r.SkyAtmosphere.AerialPerspectiveLUT.DepthResolution:16.0]]
[2020.12.10-23.16.22:836][  0]LogConfig: Setting CVar [[r.SkyAtmosphere.FastSkyLUT:1]]
[2020.12.10-23.16.22:836][  0]LogConfig: Setting CVar [[r.SkyAtmosphere.FastSkyLUT.SampleCountMin:4.0]]
[2020.12.10-23.16.22:836][  0]LogConfig: Setting CVar [[r.SkyAtmosphere.FastSkyLUT.SampleCountMax:32.0]]
[2020.12.10-23.16.22:836][  0]LogConfig: Setting CVar [[r.SkyAtmosphere.SampleCountMin:4.0]]
[2020.12.10-23.16.22:836][  0]LogConfig: Setting CVar [[r.SkyAtmosphere.SampleCountMax:32.0]]
[2020.12.10-23.16.22:836][  0]LogConfig: Setting CVar [[r.SkyAtmosphere.TransmittanceLUT.UseSmallFormat:0]]
[2020.12.10-23.16.22:836][  0]LogConfig: Setting CVar [[r.SkyAtmosphere.TransmittanceLUT.SampleCount:10.0]]
[2020.12.10-23.16.22:836][  0]LogConfig: Setting CVar [[r.SkyAtmosphere.MultiScatteringLUT.SampleCount:15.0]]
[2020.12.10-23.16.22:836][  0]LogConfig: Applying CVar settings from Section [FoliageQuality@3] File [C:/Users/simam/Documents/GitHub/EpicMegaJam/Dont_sleep/Saved/Config/Windows/Scalability.ini]
[2020.12.10-23.16.22:836][  0]LogConfig: Setting CVar [[foliage.DensityScale:1.0]]
[2020.12.10-23.16.22:836][  0]LogConfig: Setting CVar [[grass.DensityScale:1.0]]
[2020.12.10-23.16.22:836][  0]LogConfig: Applying CVar settings from Section [ShadingQuality@3] File [C:/Users/simam/Documents/GitHub/EpicMegaJam/Dont_sleep/Saved/Config/Windows/Scalability.ini]
[2020.12.10-23.16.22:836][  0]LogConfig: Setting CVar [[r.HairStrands.SkyLighting.SampleCount:16]]
[2020.12.10-23.16.22:836][  0]LogConfig: Setting CVar [[r.HairStrands.SkyLighting.JitterIntegration:0]]
[2020.12.10-23.16.22:836][  0]LogConfig: Setting CVar [[r.HairStrands.SkyAO.SampleCount:16]]
[2020.12.10-23.16.22:836][  0]LogConfig: Setting CVar [[r.HairStrands.DeepShadow.SuperSampling:0]]
[2020.12.10-23.16.22:836][  0]LogConfig: Setting CVar [[r.HairStrands.VisibilityPPLL:0]]
[2020.12.10-23.16.22:836][  0]LogConfig: Setting CVar [[r.HairStrands.RasterizationScale:0.5]]
[2020.12.10-23.16.22:836][  0]LogConfig: Setting CVar [[r.HairStrands.VelocityRasterizationScale:1]]
[2020.12.10-23.16.22:836][  0]LogInit: Selected Device Profile: [Windows]
[2020.12.10-23.16.22:836][  0]LogInit: Applying CVar settings loaded from the selected device profile: [Windows]
[2020.12.10-23.16.22:836][  0]LogHAL: Display: Platform has ~ 8 GB [8403177472 / 8589934592 / 8], which maps to Default [LargestMinGB=32, LargerMinGB=12, DefaultMinGB=8, SmallerMinGB=6, SmallestMinGB=0)
[2020.12.10-23.16.22:836][  0]LogInit: Going up to parent DeviceProfile []
[2020.12.10-23.16.22:836][  0]LogConfig: Applying CVar settings from Section [ViewDistanceQuality@3] File [C:/Users/simam/Documents/GitHub/EpicMegaJam/Dont_sleep/Saved/Config/Windows/Scalability.ini]
[2020.12.10-23.16.22:836][  0]LogConfig: Setting CVar [[r.SkeletalMeshLODBias:0]]
[2020.12.10-23.16.22:836][  0]LogConfig: Setting CVar [[r.ViewDistanceScale:1.0]]
[2020.12.10-23.16.22:836][  0]LogConfig: Applying CVar settings from Section [AntiAliasingQuality@3] File [C:/Users/simam/Documents/GitHub/EpicMegaJam/Dont_sleep/Saved/Config/Windows/Scalability.ini]
[2020.12.10-23.16.22:836][  0]LogConfig: Setting CVar [[r.PostProcessAAQuality:4]]
[2020.12.10-23.16.22:836][  0]LogConfig: Applying CVar settings from Section [ShadowQuality@3] File [C:/Users/simam/Documents/GitHub/EpicMegaJam/Dont_sleep/Saved/Config/Windows/Scalability.ini]
[2020.12.10-23.16.22:836][  0]LogConfig: Setting CVar [[r.LightFunctionQuality:1]]
[2020.12.10-23.16.22:836][  0]LogConfig: Setting CVar [[r.ShadowQuality:5]]
[2020.12.10-23.16.22:836][  0]LogConfig: Setting CVar [[r.Shadow.CSM.MaxCascades:10]]
[2020.12.10-23.16.22:836][  0]LogConfig: Setting CVar [[r.Shadow.MaxResolution:2048]]
[2020.12.10-23.16.22:836][  0]LogConfig: Setting CVar [[r.Shadow.MaxCSMResolution:2048]]
[2020.12.10-23.16.22:836][  0]LogConfig: Setting CVar [[r.Shadow.RadiusThreshold:0.01]]
[2020.12.10-23.16.22:836][  0]LogConfig: Setting CVar [[r.Shadow.DistanceScale:1.0]]
[2020.12.10-23.16.22:836][  0]LogConfig: Setting CVar [[r.Shadow.CSM.TransitionScale:1.0]]
[2020.12.10-23.16.22:836][  0]LogConfig: Setting CVar [[r.Shadow.PreShadowResolutionFactor:1.0]]
[2020.12.10-23.16.22:836][  0]LogConfig: Setting CVar [[r.DistanceFieldShadowing:1]]
[2020.12.10-23.16.22:836][  0]LogConfig: Setting CVar [[r.DistanceFieldAO:1]]
[2020.12.10-23.16.22:836][  0]LogConfig: Setting CVar [[r.AOQuality:2]]
[2020.12.10-23.16.22:836][  0]LogConfig: Setting CVar [[r.VolumetricFog:1]]
[2020.12.10-23.16.22:836][  0]LogConfig: Setting CVar [[r.VolumetricFog.GridPixelSize:8]]
[2020.12.10-23.16.22:836][  0]LogConfig: Setting CVar [[r.VolumetricFog.GridSizeZ:128]]
[2020.12.10-23.16.22:836][  0]LogConfig: Setting CVar [[r.VolumetricFog.HistoryMissSupersampleCount:4]]
[2020.12.10-23.16.22:836][  0]LogConfig: Setting CVar [[r.LightMaxDrawDistanceScale:1]]
[2020.12.10-23.16.22:836][  0]LogConfig: Setting CVar [[r.CapsuleShadows:1]]
[2020.12.10-23.16.22:836][  0]LogConfig: Applying CVar settings from Section [PostProcessQuality@3] File [C:/Users/simam/Documents/GitHub/EpicMegaJam/Dont_sleep/Saved/Config/Windows/Scalability.ini]
[2020.12.10-23.16.22:836][  0]LogConfig: Setting CVar [[r.MotionBlurQuality:4]]
[2020.12.10-23.16.22:836][  0]LogConfig: Setting CVar [[r.AmbientOcclusionMipLevelFactor:0.4]]
[2020.12.10-23.16.22:836][  0]LogConfig: Setting CVar [[r.AmbientOcclusionMaxQuality:100]]
[2020.12.10-23.16.22:836][  0]LogConfig: Setting CVar [[r.AmbientOcclusionLevels:-1]]
[2020.12.10-23.16.22:836][  0]LogConfig: Setting CVar [[r.AmbientOcclusionRadiusScale:1.0]]
[2020.12.10-23.16.22:836][  0]LogConfig: Setting CVar [[r.DepthOfFieldQuality:2]]
[2020.12.10-23.16.22:836][  0]LogConfig: Setting CVar [[r.RenderTargetPoolMin:400]]
[2020.12.10-23.16.22:836][  0]LogConfig: Setting CVar [[r.LensFlareQuality:2]]
[2020.12.10-23.16.22:836][  0]LogConfig: Setting CVar [[r.SceneColorFringeQuality:1]]
[2020.12.10-23.16.22:836][  0]LogConfig: Setting CVar [[r.EyeAdaptationQuality:2]]
[2020.12.10-23.16.22:836][  0]LogConfig: Setting CVar [[r.BloomQuality:5]]
[2020.12.10-23.16.22:836][  0]LogConfig: Setting CVar [[r.FastBlurThreshold:100]]
[2020.12.10-23.16.22:836][  0]LogConfig: Setting CVar [[r.Upscale.Quality:3]]
[2020.12.10-23.16.22:836][  0]LogConfig: Setting CVar [[r.Tonemapper.GrainQuantization:1]]
[2020.12.10-23.16.22:836][  0]LogConfig: Setting CVar [[r.LightShaftQuality:1]]
[2020.12.10-23.16.22:836][  0]LogConfig: Setting CVar [[r.Filter.SizeScale:1]]
[2020.12.10-23.16.22:836][  0]LogConfig: Setting CVar [[r.Tonemapper.Quality:5]]
[2020.12.10-23.16.22:836][  0]LogConfig: Setting CVar [[r.DOF.Gather.AccumulatorQuality:1        ; higher gathering accumulator quality]]
[2020.12.10-23.16.22:836][  0]LogConfig: Setting CVar [[r.DOF.Gather.PostfilterMethod:1          ; Median3x3 postfilering method]]
[2020.12.10-23.16.22:836][  0]LogConfig: Setting CVar [[r.DOF.Gather.EnableBokehSettings:0       ; no bokeh simulation when gathering]]
[2020.12.10-23.16.22:836][  0]LogConfig: Setting CVar [[r.DOF.Gather.RingCount:4                 ; medium number of samples when gathering]]
[2020.12.10-23.16.22:836][  0]LogConfig: Setting CVar [[r.DOF.Scatter.ForegroundCompositing:1    ; additive foreground scattering]]
[2020.12.10-23.16.22:836][  0]LogConfig: Setting CVar [[r.DOF.Scatter.BackgroundCompositing:2    ; additive background scattering]]
[2020.12.10-23.16.22:836][  0]LogConfig: Setting CVar [[r.DOF.Scatter.EnableBokehSettings:1      ; bokeh simulation when scattering]]
[2020.12.10-23.16.22:836][  0]LogConfig: Setting CVar [[r.DOF.Scatter.MaxSpriteRatio:0.1         ; only a maximum of 10% of scattered bokeh]]
[2020.12.10-23.16.22:836][  0]LogConfig: Setting CVar [[r.DOF.Recombine.Quality:1                ; cheap slight out of focus]]
[2020.12.10-23.16.22:836][  0]LogConfig: Setting CVar [[r.DOF.Recombine.EnableBokehSettings:0    ; no bokeh simulation on slight out of focus]]
[2020.12.10-23.16.22:836][  0]LogConfig: Setting CVar [[r.DOF.TemporalAAQuality:1                ; more stable temporal accumulation]]
[2020.12.10-23.16.22:836][  0]LogConfig: Setting CVar [[r.DOF.Kernel.MaxForegroundRadius:0.025]]
[2020.12.10-23.16.22:836][  0]LogConfig: Setting CVar [[r.DOF.Kernel.MaxBackgroundRadius:0.025]]
[2020.12.10-23.16.22:836][  0]LogConfig: Applying CVar settings from Section [TextureQuality@3] File [C:/Users/simam/Documents/GitHub/EpicMegaJam/Dont_sleep/Saved/Config/Windows/Scalability.ini]
[2020.12.10-23.16.22:836][  0]LogConfig: Setting CVar [[r.Streaming.MipBias:0]]
[2020.12.10-23.16.22:836][  0]LogConfig: Setting CVar [[r.Streaming.AmortizeCPUToGPUCopy:0]]
[2020.12.10-23.16.22:836][  0]LogConfig: Setting CVar [[r.Streaming.MaxNumTexturesToStreamPerFrame:0]]
[2020.12.10-23.16.22:836][  0]LogConfig: Setting CVar [[r.Streaming.Boost:1]]
[2020.12.10-23.16.22:836][  0]LogConfig: Setting CVar [[r.MaxAnisotropy:8]]
[2020.12.10-23.16.22:836][  0]LogConfig: Setting CVar [[r.VT.MaxAnisotropy:8]]
[2020.12.10-23.16.22:836][  0]LogConfig: Setting CVar [[r.Streaming.LimitPoolSizeToVRAM:0]]
[2020.12.10-23.16.22:836][  0]LogConfig: Setting CVar [[r.Streaming.PoolSize:1000]]
[2020.12.10-23.16.22:836][  0]LogConfig: Setting CVar [[r.Streaming.MaxEffectiveScreenSize:0]]
[2020.12.10-23.16.22:836][  0]LogConfig: Applying CVar settings from Section [EffectsQuality@3] File [C:/Users/simam/Documents/GitHub/EpicMegaJam/Dont_sleep/Saved/Config/Windows/Scalability.ini]
[2020.12.10-23.16.22:836][  0]LogConfig: Setting CVar [[r.TranslucencyLightingVolumeDim:64]]
[2020.12.10-23.16.22:836][  0]LogConfig: Setting CVar [[r.RefractionQuality:2]]
[2020.12.10-23.16.22:837][  0]LogConfig: Setting CVar [[r.SSR.Quality:3]]
[2020.12.10-23.16.22:837][  0]LogConfig: Setting CVar [[r.SSR.HalfResSceneColor:0]]
[2020.12.10-23.16.22:837][  0]LogConfig: Setting CVar [[r.SceneColorFormat:4]]
[2020.12.10-23.16.22:837][  0]LogConfig: Setting CVar [[r.DetailMode:2]]
[2020.12.10-23.16.22:837][  0]LogConfig: Setting CVar [[r.TranslucencyVolumeBlur:1]]
[2020.12.10-23.16.22:837][  0]LogConfig: Setting CVar [[r.MaterialQualityLevel:1 ; High quality]]
[2020.12.10-23.16.22:837][  0]LogConfig: Setting CVar [[r.SSS.Scale:1]]
[2020.12.10-23.16.22:837][  0]LogConfig: Setting CVar [[r.SSS.SampleSet:2]]
[2020.12.10-23.16.22:837][  0]LogConfig: Setting CVar [[r.SSS.Quality:1]]
[2020.12.10-23.16.22:837][  0]LogConfig: Setting CVar [[r.SSS.HalfRes:0]]
[2020.12.10-23.16.22:837][  0]LogConfig: Setting CVar [[r.SSGI.Quality:3]]
[2020.12.10-23.16.22:837][  0]LogConfig: Setting CVar [[r.EmitterSpawnRateScale:1.0]]
[2020.12.10-23.16.22:837][  0]LogConfig: Setting CVar [[r.ParticleLightQuality:2]]
[2020.12.10-23.16.22:837][  0]LogConfig: Setting CVar [[r.SkyAtmosphere.AerialPerspectiveLUT.FastApplyOnOpaque:1 ; Always have FastSkyLUT 1 in this case to avoid wrong sky]]
[2020.12.10-23.16.22:837][  0]LogConfig: Setting CVar [[r.SkyAtmosphere.AerialPerspectiveLUT.SampleCountPerSlice:1]]
[2020.12.10-23.16.22:837][  0]LogConfig: Setting CVar [[r.SkyAtmosphere.AerialPerspectiveLUT.DepthResolution:16.0]]
[2020.12.10-23.16.22:837][  0]LogConfig: Setting CVar [[r.SkyAtmosphere.FastSkyLUT:1]]
[2020.12.10-23.16.22:837][  0]LogConfig: Setting CVar [[r.SkyAtmosphere.FastSkyLUT.SampleCountMin:4.0]]
[2020.12.10-23.16.22:837][  0]LogConfig: Setting CVar [[r.SkyAtmosphere.FastSkyLUT.SampleCountMax:32.0]]
[2020.12.10-23.16.22:837][  0]LogConfig: Setting CVar [[r.SkyAtmosphere.SampleCountMin:4.0]]
[2020.12.10-23.16.22:837][  0]LogConfig: Setting CVar [[r.SkyAtmosphere.SampleCountMax:32.0]]
[2020.12.10-23.16.22:837][  0]LogConfig: Setting CVar [[r.SkyAtmosphere.TransmittanceLUT.UseSmallFormat:0]]
[2020.12.10-23.16.22:837][  0]LogConfig: Setting CVar [[r.SkyAtmosphere.TransmittanceLUT.SampleCount:10.0]]
[2020.12.10-23.16.22:837][  0]LogConfig: Setting CVar [[r.SkyAtmosphere.MultiScatteringLUT.SampleCount:15.0]]
[2020.12.10-23.16.22:837][  0]LogConfig: Applying CVar settings from Section [FoliageQuality@3] File [C:/Users/simam/Documents/GitHub/EpicMegaJam/Dont_sleep/Saved/Config/Windows/Scalability.ini]
[2020.12.10-23.16.22:837][  0]LogConfig: Setting CVar [[foliage.DensityScale:1.0]]
[2020.12.10-23.16.22:837][  0]LogConfig: Setting CVar [[grass.DensityScale:1.0]]
[2020.12.10-23.16.22:837][  0]LogConfig: Applying CVar settings from Section [ShadingQuality@3] File [C:/Users/simam/Documents/GitHub/EpicMegaJam/Dont_sleep/Saved/Config/Windows/Scalability.ini]
[2020.12.10-23.16.22:837][  0]LogConfig: Setting CVar [[r.HairStrands.SkyLighting.SampleCount:16]]
[2020.12.10-23.16.22:837][  0]LogConfig: Setting CVar [[r.HairStrands.SkyLighting.JitterIntegration:0]]
[2020.12.10-23.16.22:837][  0]LogConfig: Setting CVar [[r.HairStrands.SkyAO.SampleCount:16]]
[2020.12.10-23.16.22:837][  0]LogConfig: Setting CVar [[r.HairStrands.DeepShadow.SuperSampling:0]]
[2020.12.10-23.16.22:837][  0]LogConfig: Setting CVar [[r.HairStrands.VisibilityPPLL:0]]
[2020.12.10-23.16.22:837][  0]LogConfig: Setting CVar [[r.HairStrands.RasterizationScale:0.5]]
[2020.12.10-23.16.22:837][  0]LogConfig: Setting CVar [[r.HairStrands.VelocityRasterizationScale:1]]
[2020.12.10-23.16.22:837][  0]LogConfig: Applying CVar settings from Section [Startup] File [../../../Engine/Config/ConsoleVariables.ini]
[2020.12.10-23.16.22:837][  0]LogConfig: Setting CVar [[net.UseAdaptiveNetUpdateFrequency:0]]
[2020.12.10-23.16.22:837][  0]LogConfig: Setting CVar [[p.chaos.AllowCreatePhysxBodies:1]]
[2020.12.10-23.16.22:837][  0]LogConfig: Setting CVar [[fx.SkipVectorVMBackendOptimizations:1]]
[2020.12.10-23.16.22:837][  0]LogConfig: Applying CVar settings from Section [ConsoleVariables] File [C:/Users/simam/Documents/GitHub/EpicMegaJam/Dont_sleep/Saved/Config/Windows/Engine.ini]
[2020.12.10-23.16.22:837][  0]LogInit: Computer: MSI
[2020.12.10-23.16.22:837][  0]LogInit: User: simam
[2020.12.10-23.16.22:837][  0]LogInit: CPU Page size=4096, Cores=4
[2020.12.10-23.16.22:837][  0]LogInit: High frequency timer resolution =10.000000 MHz
[2020.12.10-23.16.22:837][  0]LogMemory: Memory total: Physical=7.8GB (8GB approx)
[2020.12.10-23.16.22:838][  0]LogMemory: Platform Memory Stats for Windows
[2020.12.10-23.16.22:838][  0]LogMemory: Process Physical Memory: 114.57 MB used, 114.57 MB peak
[2020.12.10-23.16.22:838][  0]LogMemory: Process Virtual Memory: 104.13 MB used, 104.13 MB peak
[2020.12.10-23.16.22:838][  0]LogMemory: Physical Memory: 5055.85 MB used,  2958.05 MB free, 8013.89 MB total
[2020.12.10-23.16.22:838][  0]LogMemory: Virtual Memory: 5151.41 MB used,  134212576.00 MB free, 134217728.00 MB total
[2020.12.10-23.16.22:861][  0]LogWindows: WindowsPlatformFeatures enabled
[2020.12.10-23.16.22:922][  0]LogInit: Physics initialised using underlying interface: PhysX
[2020.12.10-23.16.22:924][  0]LogInit: Overriding language with editor language configuration option (en).
[2020.12.10-23.16.22:924][  0]LogInit: Overriding locale with editor culture configuration option ().
[2020.12.10-23.16.22:924][  0]LogInit: Using OS detected locale (es-MX).
[2020.12.10-23.16.23:218][  0]LogInit: Setting process to per monitor DPI aware
[2020.12.10-23.16.23:253][  0]LogSlate: New Slate User Created.  User Index 0, Is Virtual User: 0
[2020.12.10-23.16.23:253][  0]LogSlate: Slate User Registered.  User Index 0, Is Virtual User: 0
[2020.12.10-23.16.23:497][  0]LogHMD: Failed to initialize OpenVR with code 110
[2020.12.10-23.16.23:497][  0]LogD3D11RHI: D3D11 min allowed feature level: 11_0
[2020.12.10-23.16.23:497][  0]LogD3D11RHI: D3D11 max allowed feature level: 11_0
[2020.12.10-23.16.23:497][  0]LogD3D11RHI: D3D11 adapters:
[2020.12.10-23.16.23:583][  0]LogD3D11RHI:    0. 'NVIDIA GeForce GTX 1650 Ti with Max-Q Design' (Feature Level 11_0)
[2020.12.10-23.16.23:583][  0]LogD3D11RHI:       3962/0/4006 MB DedicatedVideo/DedicatedSystem/SharedSystem, Outputs:1, VendorId:0x10de
[2020.12.10-23.16.23:617][  0]LogD3D11RHI:    1. 'Intel(R) UHD Graphics' (Feature Level 11_0)
[2020.12.10-23.16.23:617][  0]LogD3D11RHI:       128/0/4006 MB DedicatedVideo/DedicatedSystem/SharedSystem, Outputs:0, VendorId:0x8086
[2020.12.10-23.16.23:623][  0]LogD3D11RHI:    2. 'Microsoft Basic Render Driver' (Feature Level 11_0)
[2020.12.10-23.16.23:623][  0]LogD3D11RHI:       0/0/4006 MB DedicatedVideo/DedicatedSystem/SharedSystem, Outputs:0, VendorId:0x1414
[2020.12.10-23.16.23:623][  0]LogD3D11RHI: Chosen D3D11 Adapter: 0
[2020.12.10-23.16.23:635][  0]LogD3D11RHI: Creating new Direct3DDevice
[2020.12.10-23.16.23:636][  0]LogD3D11RHI:     GPU DeviceId: 0x1f95 (for the marketing name, search the web for "GPU Device Id")
[2020.12.10-23.16.23:636][  0]LogWindows: EnumDisplayDevices:
[2020.12.10-23.16.23:636][  0]LogWindows:    0. 'Intel(R) UHD Graphics' (P:1 D:1)
[2020.12.10-23.16.23:636][  0]LogWindows:    1. 'Intel(R) UHD Graphics' (P:0 D:0)
[2020.12.10-23.16.23:636][  0]LogWindows:    2. 'Intel(R) UHD Graphics' (P:0 D:0)
[2020.12.10-23.16.23:636][  0]LogWindows: DebugString: PrimaryIsNotTheChoosenAdapter PrimaryIsNotTheChoosenAdapter PrimaryIsNotTheChoosenAdapter FoundDriverCount:0 
[2020.12.10-23.16.23:636][  0]LogD3D11RHI:     Adapter Name: NVIDIA GeForce GTX 1650 Ti with Max-Q Design
[2020.12.10-23.16.23:636][  0]LogD3D11RHI:   Driver Version: Unknown (internal:Unknown, unified:Unknown)
[2020.12.10-23.16.23:636][  0]LogD3D11RHI:      Driver Date: Unknown
[2020.12.10-23.16.23:636][  0]LogRHI: Texture pool is 2773 MB (70% of 3962 MB)
[2020.12.10-23.16.23:686][  0]LogD3D11RHI: RHI has support for 64 bit atomics
[2020.12.10-23.16.23:687][  0]LogD3D11RHI: [Aftermath] Enabled and primed
[2020.12.10-23.16.23:687][  0]LogD3D11RHI: Async texture creation enabled
[2020.12.10-23.16.23:687][  0]LogD3D11RHI: Array index from any shader is supported
[2020.12.10-23.16.23:707][  0]LogD3D11RHI: GPU Timing Frequency: 1000.000000 (Debug: 2 1)
[2020.12.10-23.16.23:988][  0]LogTargetPlatformManager: Display: Loaded TargetPlatform 'AllDesktop'
[2020.12.10-23.16.24:009][  0]LogTargetPlatformManager: Display: Loaded TargetPlatform 'Android'
[2020.12.10-23.16.24:009][  0]LogTargetPlatformManager: Display: Loaded TargetPlatform 'Android_ASTC'
[2020.12.10-23.16.24:009][  0]LogTargetPlatformManager: Display: Loaded TargetPlatform 'Android_DXT'
[2020.12.10-23.16.24:009][  0]LogTargetPlatformManager: Display: Loaded TargetPlatform 'Android_ETC2'
[2020.12.10-23.16.24:009][  0]LogTargetPlatformManager: Display: Loaded TargetPlatform 'AndroidClient'
[2020.12.10-23.16.24:009][  0]LogTargetPlatformManager: Display: Loaded TargetPlatform 'Android_ASTCClient'
[2020.12.10-23.16.24:009][  0]LogTargetPlatformManager: Display: Loaded TargetPlatform 'Android_DXTClient'
[2020.12.10-23.16.24:009][  0]LogTargetPlatformManager: Display: Loaded TargetPlatform 'Android_ETC2Client'
[2020.12.10-23.16.24:009][  0]LogTargetPlatformManager: Display: Loaded TargetPlatform 'Android_Multi'
[2020.12.10-23.16.24:009][  0]LogTargetPlatformManager: Display: Loaded TargetPlatform 'Android_MultiClient'
[2020.12.10-23.16.24:036][  0]LogTargetPlatformManager: Display: Loaded TargetPlatform 'IOSClient'
[2020.12.10-23.16.24:036][  0]LogTargetPlatformManager: Display: Loaded TargetPlatform 'IOS'
[2020.12.10-23.16.24:048][  0]LogTargetPlatformManager: Display: Loaded TargetPlatform 'Linux'
[2020.12.10-23.16.24:058][  0]LogTargetPlatformManager: Display: Loaded TargetPlatform 'LinuxNoEditor'
[2020.12.10-23.16.24:069][  0]LogTargetPlatformManager: Display: Loaded TargetPlatform 'LinuxClient'
[2020.12.10-23.16.24:079][  0]LogTargetPlatformManager: Display: Loaded TargetPlatform 'LinuxServer'
[2020.12.10-23.16.24:089][  0]LogTargetPlatformManager: Display: Loaded TargetPlatform 'LinuxAArch64NoEditor'
[2020.12.10-23.16.24:099][  0]LogTargetPlatformManager: Display: Loaded TargetPlatform 'LinuxAArch64Client'
[2020.12.10-23.16.24:110][  0]LogTargetPlatformManager: Display: Loaded TargetPlatform 'LinuxAArch64Server'
[2020.12.10-23.16.24:135][  0]LogTargetPlatformManager: Display: Loaded TargetPlatform 'Lumin'
[2020.12.10-23.16.24:135][  0]LogTargetPlatformManager: Display: Loaded TargetPlatform 'LuminClient'
[2020.12.10-23.16.24:151][  0]LogTargetPlatformManager: Display: Loaded TargetPlatform 'TVOSClient'
[2020.12.10-23.16.24:151][  0]LogTargetPlatformManager: Display: Loaded TargetPlatform 'TVOS'
[2020.12.10-23.16.24:161][  0]LogTargetPlatformManager: Display: Loaded TargetPlatform 'WindowsNoEditor'
[2020.12.10-23.16.24:173][  0]LogTargetPlatformManager: Display: Loaded TargetPlatform 'Windows'
[2020.12.10-23.16.24:183][  0]LogTargetPlatformManager: Display: Loaded TargetPlatform 'WindowsClient'
[2020.12.10-23.16.24:194][  0]LogTargetPlatformManager: Display: Loaded TargetPlatform 'WindowsServer'
[2020.12.10-23.16.24:194][  0]LogTargetPlatformManager: Display: Building Assets For Windows
[2020.12.10-23.16.24:215][  0]LogAudioDebug: Display: Lib vorbis DLL was dynamically loaded.
[2020.12.10-23.16.24:314][  0]LogShaderCompilers: Guid format shader working directory is -24 characters bigger than the processId version (../../../../../../Users/simam/Documents/GitHub/EpicMegaJam/Dont_sleep/Intermediate/Shaders/WorkingDirectory/18204/).
[2020.12.10-23.16.24:315][  0]LogShaderCompilers: Cleaned the shader compiler working directory 'C:/Users/simam/AppData/Local/Temp/UnrealShaderWorkingDir/3BACD09C42A03B8AB932BCBA6446315C/'.
[2020.12.10-23.16.24:315][  0]LogXGEController: Cleaning working directory: C:/Users/simam/AppData/Local/Temp/UnrealXGEWorkingDir/
[2020.12.10-23.16.24:315][  0]LogXGEController: Cannot use XGE Controller as Incredibuild is not installed on this machine.
[2020.12.10-23.16.24:316][  0]LogShaderCompilers: Cannot use XGE Shader Compiler as Incredibuild is not installed on this machine.
[2020.12.10-23.16.24:316][  0]LogShaderCompilers: Display: Using Local Shader Compiler.
[2020.12.10-23.16.25:079][  0]LogDerivedDataCache: Display: Max Cache Size: 512 MB
[2020.12.10-23.16.25:156][  0]LogDerivedDataCache: Loaded boot cache 0.08s 75MB C:/Users/simam/AppData/Local/UnrealEngine/4.25/DerivedDataCache/Boot.ddc.
[2020.12.10-23.16.25:156][  0]LogDerivedDataCache: Display: Loaded Boot cache: C:/Users/simam/AppData/Local/UnrealEngine/4.25/DerivedDataCache/Boot.ddc
[2020.12.10-23.16.25:157][  0]LogDerivedDataCache: FDerivedDataBackendGraph:  Pak pak cache file ../../../../../../Users/simam/Documents/GitHub/EpicMegaJam/Dont_sleep/DerivedDataCache/DDC.ddp not found, will not use a pak cache.
[2020.12.10-23.16.25:157][  0]LogDerivedDataCache: Unable to find inner node Pak for hierarchical cache Hierarchy.
[2020.12.10-23.16.25:157][  0]LogDerivedDataCache: FDerivedDataBackendGraph:  CompressedPak pak cache file ../../../../../../Users/simam/Documents/GitHub/EpicMegaJam/Dont_sleep/DerivedDataCache/Compressed.ddp not found, will not use a pak cache.
[2020.12.10-23.16.25:157][  0]LogDerivedDataCache: Unable to find inner node CompressedPak for hierarchical cache Hierarchy.
[2020.12.10-23.16.25:166][  0]LogDerivedDataCache: Display: Pak cache opened for reading ../../../Engine/DerivedDataCache/Compressed.ddp.
[2020.12.10-23.16.25:166][  0]LogDerivedDataCache: FDerivedDataBackendGraph:  EnterprisePak pak cache file ../../../Enterprise/DerivedDataCache/Compressed.ddp not found, will not use a pak cache.
[2020.12.10-23.16.25:166][  0]LogDerivedDataCache: Unable to find inner node EnterprisePak for hierarchical cache Hierarchy.
[2020.12.10-23.16.25:167][  0]LogDerivedDataCache: Using Local data cache path C:/Users/simam/AppData/Local/UnrealEngine/Common/DerivedDataCache: Writable
[2020.12.10-23.16.25:167][  0]LogDerivedDataCache: Shared data cache path not found in *engine.ini, will not use an Shared cache.
[2020.12.10-23.16.25:167][  0]LogDerivedDataCache: Unable to find inner node Shared for hierarchical cache Hierarchy.
[2020.12.10-23.16.25:210][  0]LogSlate: Using FreeType 2.10.0
[2020.12.10-23.16.25:211][  0]LogSlate: SlateFontServices - WITH_FREETYPE: 1, WITH_HARFBUZZ: 1
[2020.12.10-23.16.25:240][  0]LogAssetRegistry: FAssetRegistry took 0.0021 seconds to start up
[2020.12.10-23.16.25:459][  0]LogInit: Selected Device Profile: [Windows]
[2020.12.10-23.16.25:576][  0]LogMeshReduction: Using QuadricMeshReduction for automatic static mesh reduction
[2020.12.10-23.16.25:576][  0]LogMeshReduction: Using SimplygonMeshReduction for automatic skeletal mesh reduction
[2020.12.10-23.16.25:576][  0]LogMeshReduction: Using ProxyLODMeshReduction for automatic mesh merging
[2020.12.10-23.16.25:576][  0]LogMeshReduction: No distributed automatic mesh merging module available
[2020.12.10-23.16.25:576][  0]LogMeshMerging: No distributed automatic mesh merging module available
[2020.12.10-23.16.25:590][  0]LogNetVersion: Dont_sleep 1.0.0, NetCL: 13144385, EngineNetVer: 14, GameNetVer: 0 (Checksum: 3266918109)
[2020.12.10-23.16.26:010][  0]LogAISub: UAISubsystem::UAISubsystem AISubsystem (000002331CC85B80), frame # 0
[2020.12.10-23.16.26:010][  0]LogAISub: UAISubsystem::UAISubsystem AIPerceptionSystem (000002331CB86AC0), frame # 0
[2020.12.10-23.16.26:011][  0]LogAISub: UAISubsystem::UAISubsystem EnvQueryManager (000002331CBE5E00), frame # 0
[2020.12.10-23.16.26:054][  0]LogPackageLocalizationCache: Processed 19 localized package path(s) for 1 prioritized culture(s) in 0.037932 seconds
[2020.12.10-23.16.26:058][  0]LogUObjectArray: 15917 objects as part of root set at end of initial load.
[2020.12.10-23.16.26:058][  0]LogUObjectAllocator: 3965568 out of 0 bytes used by permanent object pool.
[2020.12.10-23.16.26:058][  0]LogUObjectArray: CloseDisregardForGC: 0/0 objects in disregard for GC pool
[2020.12.10-23.16.26:511][  0]LogTcpMessaging: Initializing TcpMessaging bridge
[2020.12.10-23.16.26:519][  0]LogUdpMessaging: Initializing bridge on interface 0.0.0.0:0 to multicast group 230.0.0.1:6666.
[2020.12.10-23.16.26:639][  0]SourceControl: Source control is disabled
[2020.12.10-23.16.26:640][  0]SourceControl: Source control is disabled
[2020.12.10-23.16.26:645][  0]SourceControl: Source control is disabled
[2020.12.10-23.16.26:649][  0]SourceControl: Source control is disabled
[2020.12.10-23.16.26:658][  0]SourceControl: Source control is disabled
[2020.12.10-23.16.26:980][  0]LogAndroidPermission: UAndroidPermissionCallbackProxy::GetInstance
[2020.12.10-23.16.27:007][  0]LogAudioCaptureCore: Display: No Audio Capture implementations found. Audio input will be silent.
[2020.12.10-23.16.27:007][  0]LogAudioCaptureCore: Display: No Audio Capture implementations found. Audio input will be silent.
[2020.12.10-23.16.27:071][  0]LogOcInput: OculusInput pre-init called
[2020.12.10-23.16.27:084][  0]LogWindows: Failed to load 'OVRPlugin.dll' (GetLastError=126)
[2020.12.10-23.16.27:084][  0]LogWindows: File 'OVRPlugin.dll' does not exist
[2020.12.10-23.16.27:154][  0]LogEngine: Initializing Engine...
[2020.12.10-23.16.27:155][  0]LogHMD: Failed to initialize OpenVR with code 110
[2020.12.10-23.16.27:155][  0]LogMagicLeap: Warning: VR disabled because ZI is not enabled.  To enable, in the editor, Edit -> Project Settings -> Plugins -> Magic Leap Plugin -> Enable Zero Iteration
[2020.12.10-23.16.27:156][  0]LogStats: UGameplayTagsManager::InitializeManager -  0.000 s
[2020.12.10-23.16.27:266][  0]LogInit: Initializing FReadOnlyCVARCache
[2020.12.10-23.16.27:281][  0]LogAIModule: Creating AISystem for world Untitled
[2020.12.10-23.16.27:281][  0]LogAISub: UAISubsystem::UAISubsystem EnvQueryManager (00000233229F0600), frame # 0
[2020.12.10-23.16.27:281][  0]LogAISub: UAISubsystem::UAISubsystem AIPerceptionSystem (0000023322A01800), frame # 0
[2020.12.10-23.16.27:293][  0]LogAudioMixer: Display: Audio Mixer Platform Settings:
[2020.12.10-23.16.27:293][  0]LogAudioMixer: Display: 	Sample Rate:						  48000
[2020.12.10-23.16.27:293][  0]LogAudioMixer: Display: 	Callback Buffer Frame Size Requested: 1024
[2020.12.10-23.16.27:293][  0]LogAudioMixer: Display: 	Callback Buffer Frame Size To Use:	  1024
[2020.12.10-23.16.27:293][  0]LogAudioMixer: Display: 	Number of buffers to queue:			  2
[2020.12.10-23.16.27:293][  0]LogAudioMixer: Display: 	Max Channels (voices):				  32
[2020.12.10-23.16.27:293][  0]LogAudioMixer: Display: 	Number of Async Source Workers:		  0
[2020.12.10-23.16.27:293][  0]LogAudio: Display: AudioDevice MaxSources: 32
[2020.12.10-23.16.27:293][  0]LogAudio: Display: Using built-in audio occlusion.
[2020.12.10-23.16.27:293][  0]LogAudioMixer: Display: Initializing audio mixer.
[2020.12.10-23.16.27:357][  0]LogAudioMixer: Display: 0: FrontLeft
[2020.12.10-23.16.27:357][  0]LogAudioMixer: Display: 1: FrontRight
[2020.12.10-23.16.27:357][  0]LogAudioMixer: Display: 2: FrontCenter
[2020.12.10-23.16.27:357][  0]LogAudioMixer: Display: 3: LowFrequency
[2020.12.10-23.16.27:357][  0]LogAudioMixer: Display: 4: BackLeft
[2020.12.10-23.16.27:357][  0]LogAudioMixer: Display: 5: BackRight
[2020.12.10-23.16.27:357][  0]LogAudioMixer: Display: 6: SideLeft
[2020.12.10-23.16.27:357][  0]LogAudioMixer: Display: 7: SideRight
[2020.12.10-23.16.28:140][  0]LogAudioMixer: Display: Using Audio Device Speakers (Realtek(R) Audio)
[2020.12.10-23.16.28:142][  0]LogAudioMixer: Display: Initializing Sound Submixes...
[2020.12.10-23.16.28:151][  0]LogAudioMixer: Display: Creating Master Submix 'MasterSubmixDefault'
[2020.12.10-23.16.28:151][  0]LogAudioMixer: Display: Creating Master Submix 'MasterReverbSubmixDefault'
[2020.12.10-23.16.28:152][  0]LogAudioMixer: Display: Creating Master Submix 'MasterEQSubmixDefault'
[2020.12.10-23.16.28:153][  0]LogInit: FAudioDevice initialized.
[2020.12.10-23.16.28:153][  0]LogNetVersion: Set ProjectVersion to 1.0.0.0. Version Checksum will be recalculated on next use.
[2020.12.10-23.16.28:195][  0]LogDerivedDataCache: Saved boot cache 0.04s 75MB C:/Users/simam/AppData/Local/UnrealEngine/4.25/DerivedDataCache/Boot.ddc.
[2020.12.10-23.16.28:196][  0]LogInit: Texture streaming: Enabled
[2020.12.10-23.16.28:218][  0]LogEngineSessionManager: EngineSessionManager initialized
[2020.12.10-23.16.28:218][  0]LogEditorSessionSummary: Verbose: Initializing EditorSessionSummaryWriter for editor session tracking
[2020.12.10-23.16.28:222][  0]LogEditorSessionSummary: EditorSessionSummaryWriter initialized
[2020.12.10-23.16.28:275][  0]LogInit: Transaction tracking system initialized
[2020.12.10-23.16.28:311][  0]BlueprintLog: New page: Editor Load
[2020.12.10-23.16.28:411][  0]LocalizationService: Localization service is disabled
[2020.12.10-23.16.28:588][  0]LogCook: Display: Max memory allowance for cook 16384mb min free memory 0mb
[2020.12.10-23.16.28:588][  0]LogCook: Display: Mobile HDR setting 1
[2020.12.10-23.16.28:778][  0]LogFileCache: Scanning file cache for directory 'C:/Users/simam/Documents/GitHub/EpicMegaJam/Dont_sleep/Content/' took 0.01s
[2020.12.10-23.16.28:987][  0]SourceControl: Source control is disabled
[2020.12.10-23.16.28:987][  0]LogUnrealEdMisc: Loading editor; pre map load, took 9.039
[2020.12.10-23.16.28:987][  0]Cmd: MAP LOAD FILE="../../../../../../Users/simam/Documents/GitHub/EpicMegaJam/Dont_sleep/Content/FirstPersonBP/Maps/FirstPersonExampleMap.umap" TEMPLATE=0 SHOWPROGRESS=1 FEATURELEVEL=3
[2020.12.10-23.16.28:989][  0]LightingResults: New page: Lighting Build
[2020.12.10-23.16.28:991][  0]LogWorld: UWorld::CleanupWorld for Untitled, bSessionEnded=true, bCleanupResources=true
[2020.12.10-23.16.28:991][  0]LogSlate: InvalidateAllWidgets triggered.  All widgets were invalidated
[2020.12.10-23.16.28:991][  0]MapCheck: New page: Map Check
[2020.12.10-23.16.28:991][  0]LightingResults: New page: Lighting Build
[2020.12.10-23.16.28:997][  0]LogAISub: UAISubsystem::~UAISubsystem EnvQueryManager (00000233229F0600), frame # 0
[2020.12.10-23.16.28:997][  0]LogAISub: UAISubsystem::~UAISubsystem AIPerceptionSystem (0000023322A01800), frame # 0
[2020.12.10-23.16.28:999][  0]LogUObjectHash: Compacting FUObjectHashTables data took   0.60ms
[2020.12.10-23.16.29:398][  0]LogAIModule: Creating AISystem for world FirstPersonExampleMap
[2020.12.10-23.16.29:398][  0]LogAISub: UAISubsystem::UAISubsystem EnvQueryManager (000002331D3F6600), frame # 0
[2020.12.10-23.16.29:398][  0]LogAISub: UAISubsystem::UAISubsystem AIPerceptionSystem (00000233142202C0), frame # 0
[2020.12.10-23.16.29:409][  0]LogEditorServer: Finished looking for orphan Actors (0.000 secs)
[2020.12.10-23.16.29:411][  0]LogNavigationDataBuild: Display:    Building NavData:  Name Default class /Script/NavigationSystem.RecastNavMesh agent radius 35.0.
[2020.12.10-23.16.29:423][  0]LogUObjectHash: Compacting FUObjectHashTables data took   0.85ms
[2020.12.10-23.16.29:423][  0]Cmd: MAP CHECKDEP NOCLEARLOG
[2020.12.10-23.16.29:423][  0]MapCheck: Map check complete: 0 Error(s), 0 Warning(s), took 0.177ms to complete.
[2020.12.10-23.16.29:423][  0]LogFileHelpers: Loading map 'FirstPersonExampleMap' took 0.437
[2020.12.10-23.16.29:425][  0]LogUnrealEdMisc: Total Editor Startup Time, took 9.478
[2020.12.10-23.16.29:558][  0]LogSlate: Updating window title bar state: overlay mode, drag disabled, window buttons hidden, title bar hidden
[2020.12.10-23.16.29:564][  0]LogSlate: Updating window title bar state: overlay mode, drag disabled, window buttons hidden, title bar hidden
[2020.12.10-23.16.29:570][  0]LogSlate: Updating window title bar state: overlay mode, drag disabled, window buttons hidden, title bar hidden
[2020.12.10-23.16.29:576][  0]LogSlate: Updating window title bar state: overlay mode, drag disabled, window buttons hidden, title bar hidden
[2020.12.10-23.16.29:585][  0]LogCollectionManager: Loaded 0 collections in 0.001194 seconds
[2020.12.10-23.16.29:600][  0]LogFileCache: Scanning file cache for directory 'C:/Users/simam/Documents/GitHub/EpicMegaJam/Dont_sleep/Saved/Collections/' took 0.00s
[2020.12.10-23.16.29:600][  0]LogFileCache: Scanning file cache for directory 'C:/Users/simam/Documents/GitHub/EpicMegaJam/Dont_sleep/Content/Developers/simam/Collections/' took 0.00s
[2020.12.10-23.16.29:600][  0]LogFileCache: Scanning file cache for directory 'C:/Users/simam/Documents/GitHub/EpicMegaJam/Dont_sleep/Content/Collections/' took 0.00s
[2020.12.10-23.16.29:600][  0]LogContentBrowser: Native class hierarchy populated in 0.0078 seconds. Added 3427 classes and 821 folders.
[2020.12.10-23.16.29:606][  0]LogContentBrowser: Native class hierarchy updated for 'WidgetCarousel' in 0.0002 seconds. Added 0 classes and 0 folders.
[2020.12.10-23.16.29:711][  0]LogContentBrowser: Native class hierarchy updated for 'AddContentDialog' in 0.0002 seconds. Added 0 classes and 0 folders.
[2020.12.10-23.16.29:712][  0]LogContentBrowser: Native class hierarchy updated for 'SceneOutliner' in 0.0002 seconds. Added 2 classes and 0 folders.
[2020.12.10-23.16.29:840][  0]LogSlate: Took 0.000759 seconds to synchronously load lazily loaded font '../../../Engine/Content/Slate/Fonts/Roboto-Regular.ttf' (155K)
[2020.12.10-23.16.29:842][  0]LogSlate: Took 0.000635 seconds to synchronously load lazily loaded font '../../../Engine/Content/Slate/Fonts/Roboto-Bold.ttf' (160K)
[2020.12.10-23.16.29:846][  0]LogSlate: Took 0.000441 seconds to synchronously load lazily loaded font '../../../Engine/Content/Editor/Slate/Fonts/FontAwesome.ttf' (139K)
[2020.12.10-23.16.29:908][  0]LogRenderer: Reallocating scene render targets to support 940x432 Format 10 NumSamples 1 (Frame:1).
[2020.12.10-23.16.29:968][  0]LogSlate: Took 0.000703 seconds to synchronously load lazily loaded font '../../../Engine/Content/Slate/Fonts/Roboto-Light.ttf' (167K)
[2020.12.10-23.16.30:066][  0]LogContentBrowser: Native class hierarchy updated for 'HierarchicalLODOutliner' in 0.0003 seconds. Added 0 classes and 0 folders.
[2020.12.10-23.16.30:066][  0]LogLoad: (Engine Initialization) Total time: 10.12 seconds
[2020.12.10-23.16.30:066][  0]LogLoad: (Engine Initialization) Total Blueprint compile time: 0.00 seconds
[2020.12.10-23.16.30:261][  0]LogAssetRegistry: Asset discovery search completed in 5.0230 seconds
[2020.12.10-23.16.30:264][  0]LogCollectionManager: Fixed up redirectors for 0 collections in 0.000002 seconds (updated 0 objects)
[2020.12.10-23.16.30:266][  0]LogContentStreaming: Texture pool size now 1000 MB
[2020.12.10-23.16.31:106][ 31]LogSlate: Took 0.000212 seconds to synchronously load lazily loaded font '../../../Engine/Content/Slate/Fonts/Roboto-Light.ttf' (167K)
[2020.12.10-23.16.39:076][478]LogAssetEditorSubsystem: Opening Asset editor for World /Game/Mara/Mara.Mara
[2020.12.10-23.16.39:084][478]LogUObjectHash: Compacting FUObjectHashTables data took   0.70ms
[2020.12.10-23.16.39:085][478]Cmd: MAP LOAD FILE="../../../../../../Users/simam/Documents/GitHub/EpicMegaJam/Dont_sleep/Content/Mara/Mara.umap" TEMPLATE=0 SHOWPROGRESS=1 FEATURELEVEL=3
[2020.12.10-23.16.39:085][478]LightingResults: New page: Lighting Build
[2020.12.10-23.16.39:085][478]LoadErrors: New page: Loading map: Mara.umap
[2020.12.10-23.16.39:087][478]LogWorld: UWorld::CleanupWorld for FirstPersonExampleMap, bSessionEnded=true, bCleanupResources=true
[2020.12.10-23.16.39:087][478]LogSlate: InvalidateAllWidgets triggered.  All widgets were invalidated
[2020.12.10-23.16.39:087][478]MapCheck: New page: Map Check
[2020.12.10-23.16.39:087][478]LightingResults: New page: Lighting Build
[2020.12.10-23.16.39:095][478]LogAISub: UAISubsystem::~UAISubsystem EnvQueryManager (000002331D3F6600), frame # 478
[2020.12.10-23.16.39:095][478]LogAISub: UAISubsystem::~UAISubsystem AIPerceptionSystem (00000233142202C0), frame # 478
[2020.12.10-23.16.39:096][478]LogUObjectHash: Compacting FUObjectHashTables data took   0.73ms
[2020.12.10-23.16.39:194][478]LogEditorServer: Finished looking for orphan Actors (0.000 secs)
[2020.12.10-23.16.39:194][478]LogAIModule: Creating AISystem for world Mara
[2020.12.10-23.16.39:194][478]LogAISub: UAISubsystem::UAISubsystem EnvQueryManager (0000023347610A00), frame # 478
[2020.12.10-23.16.39:194][478]LogAISub: UAISubsystem::UAISubsystem AIPerceptionSystem (000002332A555BC0), frame # 478
[2020.12.10-23.16.39:204][478]LogUObjectHash: Compacting FUObjectHashTables data took   0.58ms
[2020.12.10-23.16.39:226][478]Cmd: MAP CHECKDEP NOCLEARLOG
[2020.12.10-23.16.39:226][478]MapCheck: Map check complete: 0 Error(s), 0 Warning(s), took 0.101ms to complete.
[2020.12.10-23.16.39:226][478]LogFileHelpers: Loading map 'Mara' took 0.142
[2020.12.10-23.16.49:290][ 68]LogAssetEditorSubsystem: Opening Asset editor for World /Game/Quirino/Quirino.Quirino
[2020.12.10-23.16.49:306][ 68]LogUObjectHash: Compacting FUObjectHashTables data took   0.50ms
[2020.12.10-23.16.49:307][ 68]Cmd: MAP LOAD FILE="../../../../../../Users/simam/Documents/GitHub/EpicMegaJam/Dont_sleep/Content/Quirino/Quirino.umap" TEMPLATE=0 SHOWPROGRESS=1 FEATURELEVEL=3
[2020.12.10-23.16.49:307][ 68]LightingResults: New page: Lighting Build
[2020.12.10-23.16.49:307][ 68]LoadErrors: New page: Loading map: Quirino.umap
[2020.12.10-23.16.49:309][ 68]LogWorld: UWorld::CleanupWorld for Mara, bSessionEnded=true, bCleanupResources=true
[2020.12.10-23.16.49:309][ 68]LogSlate: InvalidateAllWidgets triggered.  All widgets were invalidated
[2020.12.10-23.16.49:309][ 68]MapCheck: New page: Map Check
[2020.12.10-23.16.49:309][ 68]LightingResults: New page: Lighting Build
[2020.12.10-23.16.49:318][ 68]LogAISub: UAISubsystem::~UAISubsystem AIPerceptionSystem (000002332A555BC0), frame # 1068
[2020.12.10-23.16.49:318][ 68]LogAISub: UAISubsystem::~UAISubsystem EnvQueryManager (0000023347610A00), frame # 1068
[2020.12.10-23.16.49:319][ 68]LogUObjectHash: Compacting FUObjectHashTables data took   0.67ms
[2020.12.10-23.16.49:584][ 68]LogEditorServer: Finished looking for orphan Actors (0.000 secs)
[2020.12.10-23.16.49:584][ 68]LogAIModule: Creating AISystem for world Quirino
[2020.12.10-23.16.49:584][ 68]LogAISub: UAISubsystem::UAISubsystem EnvQueryManager (0000023341F3F400), frame # 1068
[2020.12.10-23.16.49:584][ 68]LogAISub: UAISubsystem::UAISubsystem AIPerceptionSystem (000002333706D800), frame # 1068
[2020.12.10-23.16.49:598][ 68]LogUObjectHash: Compacting FUObjectHashTables data took   0.77ms
[2020.12.10-23.16.49:620][ 68]Cmd: MAP CHECKDEP NOCLEARLOG
[2020.12.10-23.16.49:620][ 68]MapCheck: Map check complete: 0 Error(s), 0 Warning(s), took 0.107ms to complete.
[2020.12.10-23.16.49:620][ 68]LogFileHelpers: Loading map 'Quirino' took 0.313
[2020.12.10-23.17.26:439][ 49]LogTemp: Repeating last play command: Selected Viewport
[2020.12.10-23.17.26:457][ 49]LogPlayLevel: PlayLevel: No blueprints needed recompiling
[2020.12.10-23.17.26:457][ 49]PIE: New page: PIE session: Quirino (10 dic. 2020 11:17:26)
[2020.12.10-23.17.26:459][ 49]LogOnline: OSS: Creating online subsystem instance for: NULL
[2020.12.10-23.17.26:460][ 49]LogOnline: OSS: TryLoadSubsystemAndSetDefault: Loaded subsystem for module [NULL]
[2020.12.10-23.17.26:461][ 49]LogPlayLevel: Creating play world package: /Game/Quirino/UEDPIE_0_Quirino
[2020.12.10-23.17.26:495][ 49]LogPlayLevel: PIE: StaticDuplicateObject took: (0.033948s)
[2020.12.10-23.17.26:497][ 49]LogAIModule: Creating AISystem for world Quirino
[2020.12.10-23.17.26:497][ 49]LogAISub: UAISubsystem::UAISubsystem EnvQueryManager (000002334C5C9400), frame # 2049
[2020.12.10-23.17.26:497][ 49]LogAISub: UAISubsystem::UAISubsystem AIPerceptionSystem (000002332A556E80), frame # 2049
[2020.12.10-23.17.26:497][ 49]LogPlayLevel: PIE: World Init took: (0.001296s)
[2020.12.10-23.17.26:497][ 49]LogPlayLevel: PIE: Created PIE world by copying editor world from /Game/Quirino/Quirino.Quirino to /Game/Quirino/UEDPIE_0_Quirino.Quirino (0.035572s)
[2020.12.10-23.17.26:505][ 49]LogUObjectHash: Compacting FUObjectHashTables data took   0.56ms
[2020.12.10-23.17.26:508][ 49]LogAudioMixer: Display: Audio Mixer Platform Settings:
[2020.12.10-23.17.26:508][ 49]LogAudioMixer: Display: 	Sample Rate:						  48000
[2020.12.10-23.17.26:508][ 49]LogAudioMixer: Display: 	Callback Buffer Frame Size Requested: 1024
[2020.12.10-23.17.26:508][ 49]LogAudioMixer: Display: 	Callback Buffer Frame Size To Use:	  1024
[2020.12.10-23.17.26:508][ 49]LogAudioMixer: Display: 	Number of buffers to queue:			  2
[2020.12.10-23.17.26:508][ 49]LogAudioMixer: Display: 	Max Channels (voices):				  32
[2020.12.10-23.17.26:508][ 49]LogAudioMixer: Display: 	Number of Async Source Workers:		  0
[2020.12.10-23.17.26:508][ 49]LogAudio: Display: AudioDevice MaxSources: 32
[2020.12.10-23.17.26:508][ 49]LogAudio: Display: Using built-in audio occlusion.
[2020.12.10-23.17.26:508][ 49]LogAudioMixer: Display: Initializing audio mixer.
[2020.12.10-23.17.26:510][ 49]LogAudioMixer: Display: 0: FrontLeft
[2020.12.10-23.17.26:510][ 49]LogAudioMixer: Display: 1: FrontRight
[2020.12.10-23.17.26:510][ 49]LogAudioMixer: Display: 2: FrontCenter
[2020.12.10-23.17.26:510][ 49]LogAudioMixer: Display: 3: LowFrequency
[2020.12.10-23.17.26:510][ 49]LogAudioMixer: Display: 4: BackLeft
[2020.12.10-23.17.26:510][ 49]LogAudioMixer: Display: 5: BackRight
[2020.12.10-23.17.26:510][ 49]LogAudioMixer: Display: 6: SideLeft
[2020.12.10-23.17.26:510][ 49]LogAudioMixer: Display: 7: SideRight
[2020.12.10-23.17.26:538][ 49]LogAudioMixer: Display: Using Audio Device Speakers (Realtek(R) Audio)
[2020.12.10-23.17.26:538][ 49]LogAudioMixer: Display: Initializing Sound Submixes...
[2020.12.10-23.17.26:538][ 49]LogAudioMixer: Display: Creating Master Submix 'MasterSubmixDefault'
[2020.12.10-23.17.26:538][ 49]LogAudioMixer: Display: Creating Master Submix 'MasterReverbSubmixDefault'
[2020.12.10-23.17.26:539][ 49]LogAudioMixer: Display: Creating Master Submix 'MasterEQSubmixDefault'
[2020.12.10-23.17.26:551][ 49]LogInit: FAudioDevice initialized.
[2020.12.10-23.17.26:557][ 49]LogLoad: Game class is 'FirstPersonGameMode_C'
[2020.12.10-23.17.26:565][ 49]LogWorld: Bringing World /Game/Quirino/UEDPIE_0_Quirino.Quirino up for play (max tick rate 60) at 2020.12.10-17.17.26
[2020.12.10-23.17.26:566][ 49]LogWorld: Bringing up level for play took: 0.004417
[2020.12.10-23.17.26:567][ 49]LogOnline: OSS: Creating online subsystem instance for: :Context_7
[2020.12.10-23.17.26:577][ 49]LogContentBrowser: Native class hierarchy updated for 'MovieSceneCapture' in 0.0003 seconds. Added 20 classes and 0 folders.
[2020.12.10-23.17.26:590][ 49]PIE: Server logged in
[2020.12.10-23.17.26:591][ 49]PIE: Play in editor total start time 0.14 seconds.
[2020.12.10-23.17.38:075][734]LogSlate: Updating window title bar state: overlay mode, drag disabled, window buttons hidden, title bar hidden
[2020.12.10-23.17.38:075][734]LogWorld: BeginTearingDown for /Game/Quirino/UEDPIE_0_Quirino
[2020.12.10-23.17.38:075][734]LogWorld: UWorld::CleanupWorld for Quirino, bSessionEnded=true, bCleanupResources=true
[2020.12.10-23.17.38:076][734]LogSlate: InvalidateAllWidgets triggered.  All widgets were invalidated
[2020.12.10-23.17.38:086][734]LogPlayLevel: Display: Shutting down PIE online subsystems
[2020.12.10-23.17.38:089][734]LogSlate: InvalidateAllWidgets triggered.  All widgets were invalidated
[2020.12.10-23.17.38:120][734]LogSlate: Updating window title bar state: overlay mode, drag disabled, window buttons hidden, title bar hidden
[2020.12.10-23.17.38:125][734]LogAISub: UAISubsystem::~UAISubsystem EnvQueryManager (000002334C5C9400), frame # 2734
[2020.12.10-23.17.38:125][734]LogAISub: UAISubsystem::~UAISubsystem AIPerceptionSystem (000002332A556E80), frame # 2734
[2020.12.10-23.17.38:126][734]LogUObjectHash: Compacting FUObjectHashTables data took   0.60ms
[2020.12.10-23.17.38:150][735]LogPlayLevel: Display: Destroying online subsystem :Context_7
[2020.12.10-23.17.39:778][827]LogAssetEditorSubsystem: Opening Asset editor for Blueprint /Game/FirstPersonBP/Blueprints/FirstPersonCharacter_2.FirstPersonCharacter_2
[2020.12.10-23.17.39:948][827]LogContentBrowser: Native class hierarchy updated for 'BlueprintGraph' in 0.0004 seconds. Added 125 classes and 0 folders.
[2020.12.10-23.17.40:757][827]LogSlate: Took 0.000913 seconds to synchronously load lazily loaded font '../../../Engine/Content/Slate/Fonts/Roboto-BoldCondensed.ttf' (158K)
[2020.12.10-23.17.41:018][827]LogSlate: Took 0.000521 seconds to synchronously load lazily loaded font '../../../Engine/Content/Slate/Fonts/DroidSansMono.ttf' (77K)
[2020.12.10-23.17.41:051][828]LogSlate: Took 0.000878 seconds to synchronously load lazily loaded font '../../../Engine/Content/Slate/Fonts/Roboto-Italic.ttf' (157K)
[2020.12.10-23.20.02:228][211]LogSelectionDetails: Warning: NavigateToFunctionSource:  Unable to find symbols for 'UKismetSystemLibrary::PrintString' [No se ha encontrado el elemento.]
[2020.12.10-23.20.06:363][448]BlueprintLog: New page: Compile FirstPersonCharacter_2
[2020.12.10-23.20.06:455][448]LogUObjectHash: Compacting FUObjectHashTables data took   1.73ms
[2020.12.10-23.20.07:038][464]LogSavePackage: Moving '../../../../../../Users/simam/Documents/GitHub/EpicMegaJam/Dont_sleep/Saved/FirstPersonCharacter_255F37DCD4BE9C5DA761A83A0937D5CCF.tmp' to '../../../../../../Users/simam/Documents/GitHub/EpicMegaJam/Dont_sleep/Content/FirstPersonBP/Blueprints/FirstPersonCharacter_2.uasset'
[2020.12.10-23.20.07:057][464]AssetCheck: New page: Asset Save: FirstPersonCharacter_2
[2020.12.10-23.20.07:057][464]LogContentValidation: Display: Validating Blueprint /Game/FirstPersonBP/Blueprints/FirstPersonCharacter_2.FirstPersonCharacter_2
[2020.12.10-23.20.08:017][519]LogTemp: Repeating last play command: Selected Viewport
[2020.12.10-23.20.08:031][519]LogPlayLevel: PlayLevel: No blueprints needed recompiling
[2020.12.10-23.20.08:031][519]PIE: New page: PIE session: Quirino (10 dic. 2020 11:20:08)
[2020.12.10-23.20.08:031][519]LogPlayLevel: Creating play world package: /Game/Quirino/UEDPIE_0_Quirino
[2020.12.10-23.20.08:065][519]LogPlayLevel: PIE: StaticDuplicateObject took: (0.033561s)
[2020.12.10-23.20.08:065][519]LogAIModule: Creating AISystem for world Quirino
[2020.12.10-23.20.08:065][519]LogAISub: UAISubsystem::UAISubsystem EnvQueryManager (000002332A401600), frame # 11519
[2020.12.10-23.20.08:065][519]LogAISub: UAISubsystem::UAISubsystem AIPerceptionSystem (0000023314238540), frame # 11519
[2020.12.10-23.20.08:066][519]LogPlayLevel: PIE: World Init took: (0.000896s)
[2020.12.10-23.20.08:066][519]LogPlayLevel: PIE: Created PIE world by copying editor world from /Game/Quirino/Quirino.Quirino to /Game/Quirino/UEDPIE_0_Quirino.Quirino (0.034556s)
[2020.12.10-23.20.08:084][519]LogUObjectHash: Compacting FUObjectHashTables data took   1.84ms
[2020.12.10-23.20.08:086][519]LogAudioMixer: Display: Audio Mixer Platform Settings:
[2020.12.10-23.20.08:086][519]LogAudioMixer: Display: 	Sample Rate:						  48000
[2020.12.10-23.20.08:086][519]LogAudioMixer: Display: 	Callback Buffer Frame Size Requested: 1024
[2020.12.10-23.20.08:086][519]LogAudioMixer: Display: 	Callback Buffer Frame Size To Use:	  1024
[2020.12.10-23.20.08:086][519]LogAudioMixer: Display: 	Number of buffers to queue:			  2
[2020.12.10-23.20.08:086][519]LogAudioMixer: Display: 	Max Channels (voices):				  32
[2020.12.10-23.20.08:086][519]LogAudioMixer: Display: 	Number of Async Source Workers:		  0
[2020.12.10-23.20.08:086][519]LogAudio: Display: AudioDevice MaxSources: 32
[2020.12.10-23.20.08:086][519]LogAudio: Display: Using built-in audio occlusion.
[2020.12.10-23.20.08:086][519]LogAudioMixer: Display: Initializing audio mixer.
[2020.12.10-23.20.08:088][519]LogAudioMixer: Display: 0: FrontLeft
[2020.12.10-23.20.08:088][519]LogAudioMixer: Display: 1: FrontRight
[2020.12.10-23.20.08:088][519]LogAudioMixer: Display: 2: FrontCenter
[2020.12.10-23.20.08:088][519]LogAudioMixer: Display: 3: LowFrequency
[2020.12.10-23.20.08:088][519]LogAudioMixer: Display: 4: BackLeft
[2020.12.10-23.20.08:088][519]LogAudioMixer: Display: 5: BackRight
[2020.12.10-23.20.08:088][519]LogAudioMixer: Display: 6: SideLeft
[2020.12.10-23.20.08:088][519]LogAudioMixer: Display: 7: SideRight
[2020.12.10-23.20.08:120][519]LogAudioMixer: Display: Using Audio Device Speakers (Realtek(R) Audio)
[2020.12.10-23.20.08:121][519]LogAudioMixer: Display: Initializing Sound Submixes...
[2020.12.10-23.20.08:121][519]LogAudioMixer: Display: Creating Master Submix 'MasterSubmixDefault'
[2020.12.10-23.20.08:121][519]LogAudioMixer: Display: Creating Master Submix 'MasterReverbSubmixDefault'
[2020.12.10-23.20.08:121][519]LogAudioMixer: Display: Creating Master Submix 'MasterEQSubmixDefault'
[2020.12.10-23.20.08:132][519]LogInit: FAudioDevice initialized.
[2020.12.10-23.20.08:138][519]LogLoad: Game class is 'FirstPersonGameMode_C'
[2020.12.10-23.20.08:144][519]LogWorld: Bringing World /Game/Quirino/UEDPIE_0_Quirino.Quirino up for play (max tick rate 60) at 2020.12.10-17.20.08
[2020.12.10-23.20.08:145][519]LogWorld: Bringing up level for play took: 0.006302
[2020.12.10-23.20.08:145][519]LogOnline: OSS: Creating online subsystem instance for: :Context_9
[2020.12.10-23.20.08:149][519]PIE: Server logged in
[2020.12.10-23.20.08:150][519]PIE: Play in editor total start time 0.12 seconds.
[2020.12.10-23.20.10:633][667]LogBlueprintUserMessages: [FirstPersonCharacter_2_C_0] Running...
[2020.12.10-23.20.13:232][823]LogBlueprintUserMessages: [FirstPersonCharacter_2_C_0] Running...
[2020.12.10-23.20.29:321][786]LogSlate: Updating window title bar state: overlay mode, drag disabled, window buttons hidden, title bar hidden
[2020.12.10-23.20.29:321][786]LogWorld: BeginTearingDown for /Game/Quirino/UEDPIE_0_Quirino
[2020.12.10-23.20.29:321][786]LogWorld: UWorld::CleanupWorld for Quirino, bSessionEnded=true, bCleanupResources=true
[2020.12.10-23.20.29:322][786]LogSlate: InvalidateAllWidgets triggered.  All widgets were invalidated
[2020.12.10-23.20.29:328][786]LogPlayLevel: Display: Shutting down PIE online subsystems
[2020.12.10-23.20.29:332][786]LogSlate: InvalidateAllWidgets triggered.  All widgets were invalidated
[2020.12.10-23.20.29:350][786]LogSlate: Updating window title bar state: overlay mode, drag disabled, window buttons hidden, title bar hidden
[2020.12.10-23.20.29:373][786]LogAISub: UAISubsystem::~UAISubsystem AIPerceptionSystem (0000023314238540), frame # 12786
[2020.12.10-23.20.29:373][786]LogAISub: UAISubsystem::~UAISubsystem EnvQueryManager (000002332A401600), frame # 12786
[2020.12.10-23.20.29:376][786]LogUObjectHash: Compacting FUObjectHashTables data took   1.64ms
[2020.12.10-23.20.29:405][787]LogPlayLevel: Display: Destroying online subsystem :Context_9
[2020.12.10-23.24.45:820][ 68]LogEditorTransaction: Undo Break Pin Links
[2020.12.10-23.24.46:686][100]LogEditorTransaction: Undo Create Pin Link
[2020.12.10-23.24.47:238][124]LogEditorTransaction: Undo Create Pin Link
[2020.12.10-23.24.47:796][149]LogEditorTransaction: Undo Move Node
[2020.12.10-23.24.48:371][175]LogEditorTransaction: Undo Add Node
[2020.12.10-23.24.48:872][196]LogEditorTransaction: Undo Move Node
[2020.12.10-23.24.52:401][397]LogEditorTransaction: Undo Add Node
[2020.12.10-23.27.22:402][218]LogUObjectHash: Compacting FUObjectHashTables data took   2.12ms
[2020.12.10-23.27.22:404][218]LogFileHelpers: Editor autosave (incl. sublevels) for '/Game/Quirino/Quirino' took 0.024
[2020.12.10-23.27.22:405][218]OBJ SavePackage: Generating thumbnails for [0] asset(s) in package [/Game/FirstPersonBP/Blueprints/FirstPersonCharacter_2] ([1] browsable assets)...
[2020.12.10-23.27.22:405][218]OBJ SavePackage: Finished generating thumbnails for package [/Game/FirstPersonBP/Blueprints/FirstPersonCharacter_2]
[2020.12.10-23.27.22:503][218]LogSavePackage: Moving '../../../../../../Users/simam/Documents/GitHub/EpicMegaJam/Dont_sleep/Saved/FirstPersonCharacter_2_Auto18C79AF71411D6F675A6C3195A1863D5C.tmp' to '../../../../../../Users/simam/Documents/GitHub/EpicMegaJam/Dont_sleep/Saved/Autosaves/Game/FirstPersonBP/Blueprints/FirstPersonCharacter_2_Auto1.uasset'
[2020.12.10-23.27.22:504][218]LogFileHelpers: Auto-saving content packages took 0.100
[2020.12.10-23.37.15:638][893]BlueprintLog: New page: Compile FirstPersonCharacter_2
[2020.12.10-23.37.15:714][893]LogUObjectHash: Compacting FUObjectHashTables data took   2.09ms
[2020.12.10-23.37.16:325][914]LogSavePackage: Moving '../../../../../../Users/simam/Documents/GitHub/EpicMegaJam/Dont_sleep/Saved/FirstPersonCharacter_2F3BFCE3948A1A0838C52A184EF7D474A.tmp' to '../../../../../../Users/simam/Documents/GitHub/EpicMegaJam/Dont_sleep/Content/FirstPersonBP/Blueprints/FirstPersonCharacter_2.uasset'
[2020.12.10-23.37.16:340][914]AssetCheck: New page: Asset Save: FirstPersonCharacter_2
[2020.12.10-23.37.16:340][914]LogContentValidation: Display: Validating Blueprint /Game/FirstPersonBP/Blueprints/FirstPersonCharacter_2.FirstPersonCharacter_2
[2020.12.10-23.37.18:355][ 30]LogTemp: Repeating last play command: Selected Viewport
[2020.12.10-23.37.18:367][ 30]LogPlayLevel: PlayLevel: No blueprints needed recompiling
[2020.12.10-23.37.18:367][ 30]PIE: New page: PIE session: Quirino (10 dic. 2020 11:37:18)
[2020.12.10-23.37.18:367][ 30]LogPlayLevel: Creating play world package: /Game/Quirino/UEDPIE_0_Quirino
[2020.12.10-23.37.18:393][ 30]LogPlayLevel: PIE: StaticDuplicateObject took: (0.025646s)
[2020.12.10-23.37.18:394][ 30]LogAIModule: Creating AISystem for world Quirino
[2020.12.10-23.37.18:394][ 30]LogAISub: UAISubsystem::UAISubsystem EnvQueryManager (000002332A403000), frame # 48030
[2020.12.10-23.37.18:394][ 30]LogAISub: UAISubsystem::UAISubsystem AIPerceptionSystem (00000233A9F00680), frame # 48030
[2020.12.10-23.37.18:394][ 30]LogPlayLevel: PIE: World Init took: (0.000957s)
[2020.12.10-23.37.18:394][ 30]LogPlayLevel: PIE: Created PIE world by copying editor world from /Game/Quirino/Quirino.Quirino to /Game/Quirino/UEDPIE_0_Quirino.Quirino (0.026697s)
[2020.12.10-23.37.18:413][ 30]LogUObjectHash: Compacting FUObjectHashTables data took   1.82ms
[2020.12.10-23.37.18:414][ 30]LogAudioMixer: Display: Audio Mixer Platform Settings:
[2020.12.10-23.37.18:414][ 30]LogAudioMixer: Display: 	Sample Rate:						  48000
[2020.12.10-23.37.18:414][ 30]LogAudioMixer: Display: 	Callback Buffer Frame Size Requested: 1024
[2020.12.10-23.37.18:414][ 30]LogAudioMixer: Display: 	Callback Buffer Frame Size To Use:	  1024
[2020.12.10-23.37.18:414][ 30]LogAudioMixer: Display: 	Number of buffers to queue:			  2
[2020.12.10-23.37.18:414][ 30]LogAudioMixer: Display: 	Max Channels (voices):				  32
[2020.12.10-23.37.18:414][ 30]LogAudioMixer: Display: 	Number of Async Source Workers:		  0
[2020.12.10-23.37.18:414][ 30]LogAudio: Display: AudioDevice MaxSources: 32
[2020.12.10-23.37.18:415][ 30]LogAudio: Display: Using built-in audio occlusion.
[2020.12.10-23.37.18:415][ 30]LogAudioMixer: Display: Initializing audio mixer.
[2020.12.10-23.37.18:417][ 30]LogAudioMixer: Display: 0: FrontLeft
[2020.12.10-23.37.18:417][ 30]LogAudioMixer: Display: 1: FrontRight
[2020.12.10-23.37.18:417][ 30]LogAudioMixer: Display: 2: FrontCenter
[2020.12.10-23.37.18:417][ 30]LogAudioMixer: Display: 3: LowFrequency
[2020.12.10-23.37.18:417][ 30]LogAudioMixer: Display: 4: BackLeft
[2020.12.10-23.37.18:417][ 30]LogAudioMixer: Display: 5: BackRight
[2020.12.10-23.37.18:417][ 30]LogAudioMixer: Display: 6: SideLeft
[2020.12.10-23.37.18:417][ 30]LogAudioMixer: Display: 7: SideRight
[2020.12.10-23.37.18:446][ 30]LogAudioMixer: Display: Using Audio Device Speakers (Realtek(R) Audio)
[2020.12.10-23.37.18:447][ 30]LogAudioMixer: Display: Initializing Sound Submixes...
[2020.12.10-23.37.18:447][ 30]LogAudioMixer: Display: Creating Master Submix 'MasterSubmixDefault'
[2020.12.10-23.37.18:447][ 30]LogAudioMixer: Display: Creating Master Submix 'MasterReverbSubmixDefault'
[2020.12.10-23.37.18:447][ 30]LogAudioMixer: Display: Creating Master Submix 'MasterEQSubmixDefault'
[2020.12.10-23.37.18:459][ 30]LogInit: FAudioDevice initialized.
[2020.12.10-23.37.18:464][ 30]LogLoad: Game class is 'FirstPersonGameMode_C'
[2020.12.10-23.37.18:468][ 30]LogWorld: Bringing World /Game/Quirino/UEDPIE_0_Quirino.Quirino up for play (max tick rate 60) at 2020.12.10-17.37.18
[2020.12.10-23.37.18:469][ 30]LogWorld: Bringing up level for play took: 0.003968
[2020.12.10-23.37.18:469][ 30]LogOnline: OSS: Creating online subsystem instance for: :Context_10
[2020.12.10-23.37.18:472][ 30]PIE: Server logged in
[2020.12.10-23.37.18:472][ 30]PIE: Play in editor total start time 0.106 seconds.
[2020.12.10-23.37.52:769][ 83]LogSlate: Updating window title bar state: overlay mode, drag disabled, window buttons hidden, title bar hidden
[2020.12.10-23.37.52:770][ 83]LogWorld: BeginTearingDown for /Game/Quirino/UEDPIE_0_Quirino
[2020.12.10-23.37.52:770][ 83]LogWorld: UWorld::CleanupWorld for Quirino, bSessionEnded=true, bCleanupResources=true
[2020.12.10-23.37.52:771][ 83]LogSlate: InvalidateAllWidgets triggered.  All widgets were invalidated
[2020.12.10-23.37.52:782][ 83]LogPlayLevel: Display: Shutting down PIE online subsystems
[2020.12.10-23.37.52:793][ 83]LogSlate: InvalidateAllWidgets triggered.  All widgets were invalidated
[2020.12.10-23.37.52:845][ 83]LogSlate: Updating window title bar state: overlay mode, drag disabled, window buttons hidden, title bar hidden
[2020.12.10-23.37.52:847][ 83]LogAISub: UAISubsystem::~UAISubsystem AIPerceptionSystem (00000233A9F00680), frame # 50083
[2020.12.10-23.37.52:847][ 83]LogAISub: UAISubsystem::~UAISubsystem EnvQueryManager (000002332A403000), frame # 50083
[2020.12.10-23.37.52:850][ 83]LogUObjectHash: Compacting FUObjectHashTables data took   2.41ms
[2020.12.10-23.37.52:879][ 84]LogPlayLevel: Display: Destroying online subsystem :Context_10
[2020.12.10-23.40.03:301][855]BlueprintLog: New page: Compile FirstPersonCharacter_2
[2020.12.10-23.40.03:381][855]LogUObjectHash: Compacting FUObjectHashTables data took   1.70ms
[2020.12.10-23.40.03:983][877]LogSavePackage: Moving '../../../../../../Users/simam/Documents/GitHub/EpicMegaJam/Dont_sleep/Saved/FirstPersonCharacter_24A8A1554482932028EC1898BC0A5FED1.tmp' to '../../../../../../Users/simam/Documents/GitHub/EpicMegaJam/Dont_sleep/Content/FirstPersonBP/Blueprints/FirstPersonCharacter_2.uasset'
[2020.12.10-23.40.03:997][877]AssetCheck: New page: Asset Save: FirstPersonCharacter_2
[2020.12.10-23.40.03:997][877]LogContentValidation: Display: Validating Blueprint /Game/FirstPersonBP/Blueprints/FirstPersonCharacter_2.FirstPersonCharacter_2
[2020.12.10-23.40.05:201][948]LogTemp: Repeating last play command: Selected Viewport
[2020.12.10-23.40.05:215][948]LogPlayLevel: PlayLevel: No blueprints needed recompiling
[2020.12.10-23.40.05:215][948]PIE: New page: PIE session: Quirino (10 dic. 2020 11:40:05)
[2020.12.10-23.40.05:215][948]LogPlayLevel: Creating play world package: /Game/Quirino/UEDPIE_0_Quirino
[2020.12.10-23.40.05:240][948]LogPlayLevel: PIE: StaticDuplicateObject took: (0.025523s)
[2020.12.10-23.40.05:241][948]LogAIModule: Creating AISystem for world Quirino
[2020.12.10-23.40.05:241][948]LogAISub: UAISubsystem::UAISubsystem EnvQueryManager (0000023398F14800), frame # 57948
[2020.12.10-23.40.05:241][948]LogAISub: UAISubsystem::UAISubsystem AIPerceptionSystem (00000233B60DCB80), frame # 57948
[2020.12.10-23.40.05:241][948]LogPlayLevel: PIE: World Init took: (0.000959s)
[2020.12.10-23.40.05:241][948]LogPlayLevel: PIE: Created PIE world by copying editor world from /Game/Quirino/Quirino.Quirino to /Game/Quirino/UEDPIE_0_Quirino.Quirino (0.026577s)
[2020.12.10-23.40.05:261][948]LogUObjectHash: Compacting FUObjectHashTables data took   1.88ms
[2020.12.10-23.40.05:262][948]LogAudioMixer: Display: Audio Mixer Platform Settings:
[2020.12.10-23.40.05:262][948]LogAudioMixer: Display: 	Sample Rate:						  48000
[2020.12.10-23.40.05:262][948]LogAudioMixer: Display: 	Callback Buffer Frame Size Requested: 1024
[2020.12.10-23.40.05:262][948]LogAudioMixer: Display: 	Callback Buffer Frame Size To Use:	  1024
[2020.12.10-23.40.05:262][948]LogAudioMixer: Display: 	Number of buffers to queue:			  2
[2020.12.10-23.40.05:262][948]LogAudioMixer: Display: 	Max Channels (voices):				  32
[2020.12.10-23.40.05:262][948]LogAudioMixer: Display: 	Number of Async Source Workers:		  0
[2020.12.10-23.40.05:262][948]LogAudio: Display: AudioDevice MaxSources: 32
[2020.12.10-23.40.05:262][948]LogAudio: Display: Using built-in audio occlusion.
[2020.12.10-23.40.05:262][948]LogAudioMixer: Display: Initializing audio mixer.
[2020.12.10-23.40.05:264][948]LogAudioMixer: Display: 0: FrontLeft
[2020.12.10-23.40.05:264][948]LogAudioMixer: Display: 1: FrontRight
[2020.12.10-23.40.05:264][948]LogAudioMixer: Display: 2: FrontCenter
[2020.12.10-23.40.05:264][948]LogAudioMixer: Display: 3: LowFrequency
[2020.12.10-23.40.05:264][948]LogAudioMixer: Display: 4: BackLeft
[2020.12.10-23.40.05:264][948]LogAudioMixer: Display: 5: BackRight
[2020.12.10-23.40.05:264][948]LogAudioMixer: Display: 6: SideLeft
[2020.12.10-23.40.05:264][948]LogAudioMixer: Display: 7: SideRight
[2020.12.10-23.40.05:294][948]LogAudioMixer: Display: Using Audio Device Speakers (Realtek(R) Audio)
[2020.12.10-23.40.05:294][948]LogAudioMixer: Display: Initializing Sound Submixes...
[2020.12.10-23.40.05:294][948]LogAudioMixer: Display: Creating Master Submix 'MasterSubmixDefault'
[2020.12.10-23.40.05:294][948]LogAudioMixer: Display: Creating Master Submix 'MasterReverbSubmixDefault'
[2020.12.10-23.40.05:294][948]LogAudioMixer: Display: Creating Master Submix 'MasterEQSubmixDefault'
[2020.12.10-23.40.05:306][948]LogInit: FAudioDevice initialized.
[2020.12.10-23.40.05:312][948]LogLoad: Game class is 'FirstPersonGameMode_C'
[2020.12.10-23.40.05:316][948]LogWorld: Bringing World /Game/Quirino/UEDPIE_0_Quirino.Quirino up for play (max tick rate 60) at 2020.12.10-17.40.05
[2020.12.10-23.40.05:316][948]LogWorld: Bringing up level for play took: 0.004070
[2020.12.10-23.40.05:316][948]LogOnline: OSS: Creating online subsystem instance for: :Context_11
[2020.12.10-23.40.05:320][948]PIE: Server logged in
[2020.12.10-23.40.05:321][948]PIE: Play in editor total start time 0.108 seconds.
[2020.12.10-23.41.01:919][335]LogSlate: Updating window title bar state: overlay mode, drag disabled, window buttons hidden, title bar hidden
[2020.12.10-23.41.01:919][335]LogWorld: BeginTearingDown for /Game/Quirino/UEDPIE_0_Quirino
[2020.12.10-23.41.01:919][335]LogWorld: UWorld::CleanupWorld for Quirino, bSessionEnded=true, bCleanupResources=true
[2020.12.10-23.41.01:920][335]LogSlate: InvalidateAllWidgets triggered.  All widgets were invalidated
[2020.12.10-23.41.01:930][335]LogPlayLevel: Display: Shutting down PIE online subsystems
[2020.12.10-23.41.01:933][335]LogSlate: InvalidateAllWidgets triggered.  All widgets were invalidated
[2020.12.10-23.41.01:982][335]LogSlate: Updating window title bar state: overlay mode, drag disabled, window buttons hidden, title bar hidden
[2020.12.10-23.41.01:985][335]LogAISub: UAISubsystem::~UAISubsystem AIPerceptionSystem (00000233B60DCB80), frame # 61335
[2020.12.10-23.41.01:985][335]LogAISub: UAISubsystem::~UAISubsystem EnvQueryManager (0000023398F14800), frame # 61335
[2020.12.10-23.41.01:987][335]LogUObjectHash: Compacting FUObjectHashTables data took   1.48ms
[2020.12.10-23.41.02:015][336]LogPlayLevel: Display: Destroying online subsystem :Context_11
[2020.12.10-23.41.04:094][452]LogUObjectHash: Compacting FUObjectHashTables data took   1.43ms
[2020.12.10-23.43.57:034][661]LogSavePackage: Moving '../../../../../../Users/simam/Documents/GitHub/EpicMegaJam/Dont_sleep/Saved/FirstPersonCharacter_27C5A29BC42A2DEE0A886C9BAC0E88FDD.tmp' to '../../../../../../Users/simam/Documents/GitHub/EpicMegaJam/Dont_sleep/Content/FirstPersonBP/Blueprints/FirstPersonCharacter_2.uasset'
[2020.12.10-23.43.57:049][661]AssetCheck: New page: Asset Save: FirstPersonCharacter_2
[2020.12.10-23.43.57:049][661]LogContentValidation: Display: Validating Blueprint /Game/FirstPersonBP/Blueprints/FirstPersonCharacter_2.FirstPersonCharacter_2
[2020.12.10-23.43.57:423][683]BlueprintLog: New page: Compile FirstPersonCharacter_2
[2020.12.10-23.43.57:503][683]LogUObjectHash: Compacting FUObjectHashTables data took   1.79ms
[2020.12.10-23.48.31:436][115]LogUObjectHash: Compacting FUObjectHashTables data took   3.01ms
